<?xml version="1.0" encoding="utf-8"?><testsuites name="pytest tests"><testsuite name="pytest" errors="0" failures="0" skipped="0" tests="17" time="8.133" timestamp="2026-03-28T16:47:47.861306+00:00" hostname="agent-env-0e2ad9b6-34fb-40d6-bcaa-881d9cdddc29"><testcase classname="backend.tests.test_admin_users_and_telegram_callbacks.TestLoginFlow" name="test_login_success" time="0.347" /><testcase classname="backend.tests.test_admin_users_and_telegram_callbacks.TestLoginFlow" name="test_login_invalid_credentials" time="0.329" /><testcase classname="backend.tests.test_admin_users_and_telegram_callbacks.TestAdminUserManagement" name="test_get_admin_users" time="0.466" /><testcase classname="backend.tests.test_admin_users_and_telegram_callbacks.TestAdminUserManagement" name="test_create_admin_user_success" time="0.324" /><testcase classname="backend.tests.test_admin_users_and_telegram_callbacks.TestAdminUserManagement" name="test_create_admin_user_missing_fields" time="0.101" /><testcase classname="backend.tests.test_admin_users_and_telegram_callbacks.TestAdminUserManagement" name="test_create_admin_user_invalid_role" time="0.106" /><testcase classname="backend.tests.test_admin_users_and_telegram_callbacks.TestAdminUserManagement" name="test_update_user_role" time="0.563" /><testcase classname="backend.tests.test_admin_users_and_telegram_callbacks.TestAdminUserManagement" name="test_update_user_role_invalid" time="0.118" /><testcase classname="backend.tests.test_admin_users_and_telegram_callbacks.TestAdminUserManagement" name="test_delete_admin_user" time="0.548" /><testcase classname="backend.tests.test_admin_users_and_telegram_callbacks.TestAdminUserManagement" name="test_delete_nonexistent_user" time="0.105" /><testcase classname="backend.tests.test_admin_users_and_telegram_callbacks.TestTelegramWebhookCallbacks" name="test_webhook_empty_update" time="0.096" /><testcase classname="backend.tests.test_admin_users_and_telegram_callbacks.TestTelegramWebhookCallbacks" name="test_webhook_noop_callback" time="0.687" /><testcase classname="backend.tests.test_admin_users_and_telegram_callbacks.TestTelegramWebhookCallbacks" name="test_webhook_admin_approve_nonexistent_payment" time="1.207" /><testcase classname="backend.tests.test_admin_users_and_telegram_callbacks.TestTelegramWebhookCallbacks" name="test_webhook_admin_reject_nonexistent_payment" time="1.230" /><testcase classname="backend.tests.test_admin_users_and_telegram_callbacks.TestTelegramWebhookCallbacks" name="test_webhook_admin_approve_non_admin_user" time="1.528" /><testcase classname="backend.tests.test_admin_users_and_telegram_callbacks.TestNotifyAdminNewPaymentFunction" name="test_notify_admin_function_exists" time="0.097" /><testcase classname="backend.tests.test_admin_users_and_telegram_callbacks.TestCleanup" name="test_cleanup_test_users" time="0.214" /></testsuite></testsuites>