<?xml version="1.0" encoding="utf-8"?><testsuites name="pytest tests"><testsuite name="pytest" errors="0" failures="0" skipped="0" tests="11" time="2.094" timestamp="2026-03-31T13:48:51.113097+00:00" hostname="agent-env-0e2ad9b6-34fb-40d6-bcaa-881d9cdddc29"><testcase classname="backend.tests.test_miniapp_iteration13.TestPaidPostsEndpoints" name="test_get_paid_posts_as_admin" time="0.266" /><testcase classname="backend.tests.test_miniapp_iteration13.TestPaidPostsEndpoints" name="test_get_paid_posts_as_non_admin" time="0.124" /><testcase classname="backend.tests.test_miniapp_iteration13.TestPaidPostsEndpoints" name="test_create_paid_post" time="0.108" /><testcase classname="backend.tests.test_miniapp_iteration13.TestPaidPostsEndpoints" name="test_toggle_paid_post" time="0.391" /><testcase classname="backend.tests.test_miniapp_iteration13.TestGoLiveEndpoint" name="test_create_live_session" time="0.120" /><testcase classname="backend.tests.test_miniapp_iteration13.TestGoLiveEndpoint" name="test_go_live" time="0.265" /><testcase classname="backend.tests.test_miniapp_iteration13.TestGoLiveEndpoint" name="test_get_live_sessions" time="0.144" /><testcase classname="backend.tests.test_miniapp_iteration13.TestAdminCheck" name="test_admin_check_for_admin" time="0.148" /><testcase classname="backend.tests.test_miniapp_iteration13.TestAdminCheck" name="test_admin_check_for_non_admin" time="0.132" /><testcase classname="backend.tests.test_miniapp_iteration13.TestAdminStats" name="test_admin_stats" time="0.106" /><testcase classname="backend.tests.test_miniapp_iteration13.TestBroadcastPaidPost" name="test_broadcast_paid_post" time="0.220" /></testsuite></testsuites>