<?xml version="1.0" encoding="utf-8"?><testsuites name="pytest tests"><testsuite name="pytest" errors="0" failures="0" skipped="0" tests="12" time="2.590" timestamp="2026-04-02T11:36:30.438121+00:00" hostname="agent-env-d3651e8f-2674-470e-ab50-7357c70d209b"><testcase classname="tests.test_iteration29_security_fixes.TestMiniAppUsersAccess" name="test_miniapp_users_super_admin_access" time="0.526" /><testcase classname="tests.test_iteration29_security_fixes.TestMiniAppUsersAccess" name="test_miniapp_users_tenant_admin_blocked" time="0.430" /><testcase classname="tests.test_iteration29_security_fixes.TestMiniAppUsersAccess" name="test_miniapp_users_new_tenant_blocked" time="0.450" /><testcase classname="tests.test_iteration29_security_fixes.TestMiniAppUsersAccess" name="test_miniapp_users_stats_super_admin_only" time="0.210" /><testcase classname="tests.test_iteration29_security_fixes.TestSettingsTenantIsolation" name="test_settings_new_tenant_empty_defaults" time="0.102" /><testcase classname="tests.test_iteration29_security_fixes.TestSettingsTenantIsolation" name="test_settings_super_admin_access" time="0.105" /><testcase classname="tests.test_iteration29_security_fixes.TestSettingsTenantIsolation" name="test_settings_tenant_admin_access" time="0.104" /><testcase classname="tests.test_iteration29_security_fixes.TestSettingsTenantIsolation" name="test_settings_isolation_different_tenants" time="0.194" /><testcase classname="tests.test_iteration29_security_fixes.TestSidebarNavigation" name="test_super_admin_check" time="0.096" /><testcase classname="tests.test_iteration29_security_fixes.TestSidebarNavigation" name="test_tenant_admin_check" time="0.103" /><testcase classname="tests.test_iteration29_security_fixes.TestPlansEndpoint" name="test_plans_tenant_admin_access" time="0.095" /><testcase classname="tests.test_iteration29_security_fixes.TestPlansEndpoint" name="test_plans_create_tenant_admin" time="0.109" /></testsuite></testsuites>