<?xml version="1.0" encoding="utf-8"?><testsuites name="pytest tests"><testsuite name="pytest" errors="0" failures="0" skipped="0" tests="16" time="6.101" timestamp="2026-04-07T14:43:11.172802+00:00" hostname="agent-env-d3651e8f-2674-470e-ab50-7357c70d209b"><testcase classname="backend.tests.test_iteration42_wallet_system.TestWalletConfig" name="test_get_wallet_config_super_admin" time="0.489" /><testcase classname="backend.tests.test_iteration42_wallet_system.TestWalletConfig" name="test_get_wallet_config_tenant_admin_denied" time="0.484" /><testcase classname="backend.tests.test_iteration42_wallet_system.TestWalletConfig" name="test_update_wallet_config_super_admin" time="0.456" /><testcase classname="backend.tests.test_iteration42_wallet_system.TestPlatformRevenue" name="test_get_platform_revenue_super_admin" time="0.463" /><testcase classname="backend.tests.test_iteration42_wallet_system.TestPlatformRevenue" name="test_get_platform_revenue_tenant_admin_denied" time="0.632" /><testcase classname="backend.tests.test_iteration42_wallet_system.TestTenantBalance" name="test_get_wallet_balance_tenant_admin" time="0.459" /><testcase classname="backend.tests.test_iteration42_wallet_system.TestTenantBalance" name="test_get_specific_tenant_balance_super_admin" time="0.596" /><testcase classname="backend.tests.test_iteration42_wallet_system.TestWithdrawalRequests" name="test_get_my_withdrawals_tenant_admin" time="0.437" /><testcase classname="backend.tests.test_iteration42_wallet_system.TestWithdrawalRequests" name="test_get_all_withdrawals_super_admin" time="0.482" /><testcase classname="backend.tests.test_iteration42_wallet_system.TestWithdrawalRequests" name="test_get_all_withdrawals_tenant_admin_denied" time="0.108" /><testcase classname="backend.tests.test_iteration42_wallet_system.TestWithdrawalRequests" name="test_withdrawal_below_minimum_rejected" time="0.100" /><testcase classname="backend.tests.test_iteration42_wallet_system.TestWithdrawalWorkflow" name="test_approve_withdrawal_super_admin" time="0.496" /><testcase classname="backend.tests.test_iteration42_wallet_system.TestWithdrawalWorkflow" name="test_complete_withdrawal_super_admin" time="0.126" /><testcase classname="backend.tests.test_iteration42_wallet_system.TestWithdrawalWorkflow" name="test_reject_withdrawal_super_admin" time="0.119" /><testcase classname="backend.tests.test_iteration42_wallet_system.TestWithdrawalWorkflow" name="test_approve_nonexistent_withdrawal" time="0.118" /><testcase classname="backend.tests.test_iteration42_wallet_system.TestWithdrawalWorkflow" name="test_approve_withdrawal_tenant_admin_denied" time="0.446" /></testsuite></testsuites>