<?xml version="1.0" encoding="utf-8"?><testsuites name="pytest tests"><testsuite name="pytest" errors="0" failures="0" skipped="0" tests="25" time="5.240" timestamp="2026-04-07T13:09:27.991627+00:00" hostname="agent-env-d3651e8f-2674-470e-ab50-7357c70d209b"><testcase classname="tests.test_iteration40_p1_features.TestJWTRefreshTokenArchitecture" name="test_login_returns_both_tokens" time="0.482" /><testcase classname="tests.test_iteration40_p1_features.TestJWTRefreshTokenArchitecture" name="test_refresh_token_returns_new_access_token" time="0.587" /><testcase classname="tests.test_iteration40_p1_features.TestJWTRefreshTokenArchitecture" name="test_refresh_with_invalid_token_returns_401" time="0.119" /><testcase classname="tests.test_iteration40_p1_features.TestJWTRefreshTokenArchitecture" name="test_refresh_with_access_token_fails" time="0.450" /><testcase classname="tests.test_iteration40_p1_features.TestLogoutEndpoint" name="test_logout_invalidates_session" time="0.565" /><testcase classname="tests.test_iteration40_p1_features.TestSuperAdminAPIs" name="test_analytics_api_works" time="0.450" /><testcase classname="tests.test_iteration40_p1_features.TestSuperAdminAPIs" name="test_saas_tenants_api" time="0.144" /><testcase classname="tests.test_iteration40_p1_features.TestSuperAdminAPIs" name="test_risk_alerts_api" time="0.134" /><testcase classname="tests.test_iteration40_p1_features.TestTenantScopedAPIs" name="test_broadcasts_api_tenant_scoped" time="0.430" /><testcase classname="tests.test_iteration40_p1_features.TestTenantScopedAPIs" name="test_templates_api_tenant_scoped" time="0.125" /><testcase classname="tests.test_iteration40_p1_features.TestTenantScopedAPIs" name="test_channels_api_tenant_scoped" time="0.098" /><testcase classname="tests.test_iteration40_p1_features.TestTenantScopedAPIs" name="test_coupons_api_tenant_scoped" time="0.097" /><testcase classname="tests.test_iteration40_p1_features.TestTenantScopedAPIs" name="test_referrals_api_tenant_scoped" time="0.098" /><testcase classname="tests.test_iteration40_p1_features.TestTenantScopedAPIs" name="test_faqs_api_tenant_scoped" time="0.101" /><testcase classname="tests.test_iteration40_p1_features.TestTenantScopedAPIs" name="test_video_calls_api_tenant_scoped" time="0.105" /><testcase classname="tests.test_iteration40_p1_features.TestTenantScopedAPIs" name="test_blocked_users_api_tenant_scoped" time="0.127" /><testcase classname="tests.test_iteration40_p1_features.TestTenantAdminAccessControl" name="test_tenant_admin_denied_risk_alerts" time="0.098" /><testcase classname="tests.test_iteration40_p1_features.TestTenantAdminAccessControl" name="test_tenant_admin_can_access_analytics" time="0.116" /><testcase classname="tests.test_iteration40_p1_features.TestRepositoryPatternMigration" name="test_super_admin_sees_global_data" time="0.119" /><testcase classname="tests.test_iteration40_p1_features.TestRepositoryPatternMigration" name="test_tenant_admin_sees_scoped_data" time="0.108" /><testcase classname="tests.test_iteration40_p1_features.TestRepositoryPatternMigration" name="test_plans_api_uses_repository" time="0.113" /><testcase classname="tests.test_iteration40_p1_features.TestRepositoryPatternMigration" name="test_subscribers_api_uses_repository" time="0.113" /><testcase classname="tests.test_iteration40_p1_features.TestRepositoryPatternMigration" name="test_payments_api_uses_repository" time="0.131" /><testcase classname="tests.test_iteration40_p1_features.TestIdempotencyLock" name="test_razorpay_callback_endpoint_exists" time="0.096" /><testcase classname="tests.test_iteration40_p1_features.TestAuthMeEndpoint" name="test_auth_me_returns_user_data" time="0.146" /></testsuite></testsuites>