<?xml version="1.0" encoding="utf-8"?><testsuites name="pytest tests"><testsuite name="pytest" errors="0" failures="0" skipped="2" tests="20" time="4.044" timestamp="2026-03-31T15:09:47.618508+00:00" hostname="agent-env-394f5aff-35d7-4e6b-aef2-ea8a2db59c56"><testcase classname="backend.tests.test_iteration15_tenant_onboard.TestValidateBotToken" name="test_validate_bot_valid_token" time="0.604" /><testcase classname="backend.tests.test_iteration15_tenant_onboard.TestValidateBotToken" name="test_validate_bot_invalid_format" time="0.103" /><testcase classname="backend.tests.test_iteration15_tenant_onboard.TestValidateBotToken" name="test_validate_bot_empty_token" time="0.106" /><testcase classname="backend.tests.test_iteration15_tenant_onboard.TestValidateBotToken" name="test_validate_bot_fake_token" time="0.521" /><testcase classname="backend.tests.test_iteration15_tenant_onboard.TestOnboardCreator" name="test_onboard_missing_name" time="0.103" /><testcase classname="backend.tests.test_iteration15_tenant_onboard.TestOnboardCreator" name="test_onboard_missing_bot_token" time="0.103" /><testcase classname="backend.tests.test_iteration15_tenant_onboard.TestOnboardCreator" name="test_onboard_missing_telegram_user_id" time="0.136" /><testcase classname="backend.tests.test_iteration15_tenant_onboard.TestOnboardCreator" name="test_onboard_missing_upi_id" time="0.120" /><testcase classname="backend.tests.test_iteration15_tenant_onboard.TestOnboardCreator" name="test_onboard_duplicate_bot_token" time="0.119" /><testcase classname="backend.tests.test_iteration15_tenant_onboard.TestOnboardCreator" name="test_onboard_invalid_bot_token" time="0.459" /><testcase classname="backend.tests.test_iteration15_tenant_onboard.TestCreatorDashboard" name="test_dashboard_default_tenant" time="0.122" /><testcase classname="backend.tests.test_iteration15_tenant_onboard.TestCreatorDashboard" name="test_dashboard_invalid_tenant" time="0.115" /><testcase classname="backend.tests.test_iteration15_tenant_onboard.TestUpdateSettings" name="test_update_settings_invalid_tenant" time="0.119" /><testcase classname="backend.tests.test_iteration15_tenant_onboard.TestUpdateSettings" name="test_update_settings_wrong_owner" time="0.110" /><testcase classname="backend.tests.test_iteration15_tenant_onboard.TestUpdateSettings" name="test_update_settings_success" time="0.142"><skipped type="pytest.skip" message="Default tenant has no owner_telegram_id">/app/backend/tests/test_iteration15_tenant_onboard.py:280: Default tenant has no owner_telegram_id</skipped></testcase><testcase classname="backend.tests.test_iteration15_tenant_onboard.TestTenantPlans" name="test_create_plan_invalid_tenant" time="0.116" /><testcase classname="backend.tests.test_iteration15_tenant_onboard.TestTenantPlans" name="test_create_and_delete_plan" time="0.493" /><testcase classname="backend.tests.test_iteration15_tenant_onboard.TestTenantPlans" name="test_delete_nonexistent_plan" time="0.132" /><testcase classname="backend.tests.test_iteration15_tenant_onboard.TestLookupTenant" name="test_lookup_nonexistent_bot" time="0.107" /><testcase classname="backend.tests.test_iteration15_tenant_onboard.TestLookupTenant" name="test_lookup_existing_bot" time="0.124"><skipped type="pytest.skip" message="Default tenant has no bot_username">/app/backend/tests/test_iteration15_tenant_onboard.py:391: Default tenant has no bot_username</skipped></testcase></testsuite></testsuites>