<?xml version="1.0" encoding="utf-8"?><testsuites name="pytest tests"><testsuite name="pytest" errors="0" failures="0" skipped="0" tests="24" time="3.992" timestamp="2026-04-02T12:16:25.738611+00:00" hostname="agent-env-d3651e8f-2674-470e-ab50-7357c70d209b"><testcase classname="tests.test_iteration31_miniapp_admin_isolation.TestMiniAppAdminCheck" name="test_admin_check_valid_admin_a" time="0.237" /><testcase classname="tests.test_iteration31_miniapp_admin_isolation.TestMiniAppAdminCheck" name="test_admin_check_valid_admin_b" time="0.167" /><testcase classname="tests.test_iteration31_miniapp_admin_isolation.TestMiniAppAdminCheck" name="test_admin_check_invalid_admin" time="0.117" /><testcase classname="tests.test_iteration31_miniapp_admin_isolation.TestStatsEndpointIsolation" name="test_stats_tenant_a_sees_own_data" time="0.104" /><testcase classname="tests.test_iteration31_miniapp_admin_isolation.TestStatsEndpointIsolation" name="test_stats_tenant_b_sees_own_data_only" time="0.114" /><testcase classname="tests.test_iteration31_miniapp_admin_isolation.TestStatsEndpointIsolation" name="test_stats_non_admin_rejected" time="0.139" /><testcase classname="tests.test_iteration31_miniapp_admin_isolation.TestPendingPaymentsIsolation" name="test_pending_payments_tenant_a" time="0.114" /><testcase classname="tests.test_iteration31_miniapp_admin_isolation.TestPendingPaymentsIsolation" name="test_pending_payments_tenant_b_isolation" time="0.106" /><testcase classname="tests.test_iteration31_miniapp_admin_isolation.TestSubscribersIsolation" name="test_subscribers_tenant_a" time="0.106" /><testcase classname="tests.test_iteration31_miniapp_admin_isolation.TestSubscribersIsolation" name="test_subscribers_tenant_b_isolation" time="0.110" /><testcase classname="tests.test_iteration31_miniapp_admin_isolation.TestPaidPostsIsolation" name="test_paid_posts_tenant_a" time="0.115" /><testcase classname="tests.test_iteration31_miniapp_admin_isolation.TestPaidPostsIsolation" name="test_paid_posts_tenant_b_isolation" time="0.104" /><testcase classname="tests.test_iteration31_miniapp_admin_isolation.TestLiveSessionsIsolation" name="test_live_sessions_tenant_a" time="0.113" /><testcase classname="tests.test_iteration31_miniapp_admin_isolation.TestLiveSessionsIsolation" name="test_live_sessions_tenant_b_isolation" time="0.110" /><testcase classname="tests.test_iteration31_miniapp_admin_isolation.TestPaymentActionIsolation" name="test_payment_action_cross_tenant_blocked" time="0.226" /><testcase classname="tests.test_iteration31_miniapp_admin_isolation.TestPaidPostToggleIsolation" name="test_toggle_cross_tenant_blocked" time="0.213" /><testcase classname="tests.test_iteration31_miniapp_admin_isolation.TestPaidPostBlurIsolation" name="test_blur_cross_tenant_no_effect" time="0.609" /><testcase classname="tests.test_iteration31_miniapp_admin_isolation.TestLiveSessionDeleteIsolation" name="test_delete_cross_tenant_blocked" time="0.221" /><testcase classname="tests.test_iteration31_miniapp_admin_isolation.TestLiveSessionEndIsolation" name="test_end_cross_tenant_blocked" time="0.246" /><testcase classname="tests.test_iteration31_miniapp_admin_isolation.TestLiveSessionGoLiveIsolation" name="test_go_live_cross_tenant_blocked" time="0.321" /><testcase classname="tests.test_iteration31_miniapp_admin_isolation.TestBroadcastIsolation" name="test_broadcast_uses_tenant_scoped_users" time="0.110" /><testcase classname="tests.test_iteration31_miniapp_admin_isolation.TestTenantEndpoint" name="test_get_tenant_returns_own_tenant_a" time="0.107" /><testcase classname="tests.test_iteration31_miniapp_admin_isolation.TestTenantEndpoint" name="test_get_tenant_returns_own_tenant_b" time="0.097" /><testcase classname="tests.test_iteration31_miniapp_admin_isolation.TestCodeReviewVerification" name="test_verify_tenant_query_usage" time="0.001" /></testsuite></testsuites>