<?xml version="1.0" encoding="utf-8"?><testsuites name="pytest tests"><testsuite name="pytest" errors="0" failures="0" skipped="0" tests="39" time="4.354" timestamp="2026-03-31T18:36:12.333380+00:00" hostname="agent-env-dc6f940e-0531-420e-8207-1e40b69edfc8"><testcase classname="tests.test_p1_security_fixes.TestPydanticEnums" name="test_user_role_enum_exists" time="0.059" /><testcase classname="tests.test_p1_security_fixes.TestPydanticEnums" name="test_payment_status_enum_exists" time="0.000" /><testcase classname="tests.test_p1_security_fixes.TestPydanticEnums" name="test_subscription_status_enum_exists" time="0.000" /><testcase classname="tests.test_p1_security_fixes.TestPydanticEnums" name="test_live_session_status_enum_exists" time="0.000" /><testcase classname="tests.test_p1_security_fixes.TestTelegramVerifyService" name="test_validate_telegram_init_data_function_exists" time="0.010" /><testcase classname="tests.test_p1_security_fixes.TestTelegramVerifyService" name="test_extract_telegram_user_id_function_exists" time="0.000" /><testcase classname="tests.test_p1_security_fixes.TestTelegramVerifyService" name="test_validate_returns_none_for_empty_data" time="0.000" /><testcase classname="tests.test_p1_security_fixes.TestTelegramVerifyService" name="test_validate_returns_none_for_empty_token" time="0.000" /><testcase classname="tests.test_p1_security_fixes.TestTelegramVerifyService" name="test_validate_returns_none_for_invalid_data" time="0.000" /><testcase classname="tests.test_p1_security_fixes.TestTelegramVerifyService" name="test_extract_user_id_returns_none_for_invalid" time="0.000" /><testcase classname="tests.test_p1_security_fixes.TestAuditLoggingService" name="test_log_action_function_exists" time="0.106" /><testcase classname="tests.test_p1_security_fixes.TestAuditLoggingService" name="test_log_action_function_signature" time="0.000" /><testcase classname="tests.test_p1_security_fixes.TestMiniAppEndpointsWithTgIdFallback" name="test_miniapp_plans_public_endpoint" time="0.309" /><testcase classname="tests.test_p1_security_fixes.TestMiniAppEndpointsWithTgIdFallback" name="test_miniapp_admin_check_with_tg_id" time="0.124" /><testcase classname="tests.test_p1_security_fixes.TestMiniAppEndpointsWithTgIdFallback" name="test_miniapp_status_with_tg_id" time="0.111" /><testcase classname="tests.test_p1_security_fixes.TestMiniAppEndpointsWithTgIdFallback" name="test_miniapp_notifications_with_tg_id" time="0.144" /><testcase classname="tests.test_p1_security_fixes.TestMiniAppEndpointsWithTgIdFallback" name="test_miniapp_referral_with_tg_id" time="0.137" /><testcase classname="tests.test_p1_security_fixes.TestMiniAppEndpointsWithTgIdFallback" name="test_miniapp_upi_details_public" time="0.112" /><testcase classname="tests.test_p1_security_fixes.TestP0SecurityRegression" name="test_super_admin_login_works" time="0.384" /><testcase classname="tests.test_p1_security_fixes.TestP0SecurityRegression" name="test_tenant_admin_login_works" time="0.360" /><testcase classname="tests.test_p1_security_fixes.TestP0SecurityRegression" name="test_super_admin_can_access_saas_tenants" time="0.112" /><testcase classname="tests.test_p1_security_fixes.TestP0SecurityRegression" name="test_tenant_admin_blocked_from_saas_tenants" time="0.150" /><testcase classname="tests.test_p1_security_fixes.TestP0SecurityRegression" name="test_unauthenticated_blocked_from_subscribers" time="0.138" /><testcase classname="tests.test_p1_security_fixes.TestP0SecurityRegression" name="test_check_admin_returns_role" time="0.122" /><testcase classname="tests.test_p1_security_fixes.TestAuditLogIntegration" name="test_audit_log_module_structure" time="0.000" /><testcase classname="tests.test_p1_security_fixes.TestAuditLogIntegration" name="test_create_tenant_admin_triggers_audit" time="0.692" /><testcase classname="tests.test_p1_security_fixes.TestPermissionsService" name="test_is_super_admin_function_exists" time="0.122" /><testcase classname="tests.test_p1_security_fixes.TestPermissionsService" name="test_is_tenant_admin_function_exists" time="0.000" /><testcase classname="tests.test_p1_security_fixes.TestPermissionsService" name="test_ensure_tenant_access_function_exists" time="0.000" /><testcase classname="tests.test_p1_security_fixes.TestPermissionsService" name="test_tq_function_exists" time="0.000" /><testcase classname="tests.test_p1_security_fixes.TestPermissionsService" name="test_tq_adds_tenant_filter" time="0.000" /><testcase classname="tests.test_p1_security_fixes.TestPermissionsService" name="test_tq_no_filter_for_empty_tenant" time="0.000" /><testcase classname="tests.test_p1_security_fixes.TestPermissionsService" name="test_is_super_admin_by_role" time="0.000" /><testcase classname="tests.test_p1_security_fixes.TestPermissionsService" name="test_is_super_admin_by_email" time="0.000" /><testcase classname="tests.test_p1_security_fixes.TestPermissionsService" name="test_is_tenant_admin_for_tenant_admin_role" time="0.000" /><testcase classname="tests.test_p1_security_fixes.TestPermissionsService" name="test_is_tenant_admin_for_tenant_owner_role" time="0.000" /><testcase classname="tests.test_p1_security_fixes.TestAnalyticsEndpoints" name="test_analytics_requires_auth" time="0.110" /><testcase classname="tests.test_p1_security_fixes.TestAnalyticsEndpoints" name="test_super_admin_can_access_analytics" time="0.497" /><testcase classname="tests.test_p1_security_fixes.TestAnalyticsEndpoints" name="test_tenant_admin_can_access_analytics" time="0.452" /></testsuite></testsuites>