<?xml version="1.0" encoding="utf-8"?><testsuites name="pytest tests"><testsuite name="pytest" errors="0" failures="0" skipped="0" tests="14" time="2.303" timestamp="2026-03-31T15:36:26.456844+00:00" hostname="agent-env-394f5aff-35d7-4e6b-aef2-ea8a2db59c56"><testcase classname="backend.tests.test_iteration16_new_features.TestPaidPostsAPI" name="test_admin_check_returns_admin_status" time="0.288" /><testcase classname="backend.tests.test_iteration16_new_features.TestPaidPostsAPI" name="test_admin_check_non_admin" time="0.126" /><testcase classname="backend.tests.test_iteration16_new_features.TestPaidPostsAPI" name="test_create_text_paid_post" time="0.130" /><testcase classname="backend.tests.test_iteration16_new_features.TestPaidPostsAPI" name="test_create_paid_post_with_media" time="0.120" /><testcase classname="backend.tests.test_iteration16_new_features.TestPaidPostsAPI" name="test_get_paid_posts_list" time="0.140" /><testcase classname="backend.tests.test_iteration16_new_features.TestPaidPostsAPI" name="test_toggle_paid_post" time="0.376" /><testcase classname="backend.tests.test_iteration16_new_features.TestPaidPostsAPI" name="test_update_blur_level" time="0.226" /><testcase classname="backend.tests.test_iteration16_new_features.TestPaidPostsAPI" name="test_paid_post_non_admin_forbidden" time="0.122" /><testcase classname="backend.tests.test_iteration16_new_features.TestLiveSessionsAPI" name="test_get_live_sessions_admin" time="0.104" /><testcase classname="backend.tests.test_iteration16_new_features.TestLiveSessionsAPI" name="test_get_public_live_sessions" time="0.110" /><testcase classname="backend.tests.test_iteration16_new_features.TestLiveSessionsAPI" name="test_create_live_session" time="0.132" /><testcase classname="backend.tests.test_iteration16_new_features.TestAdminStatsAPI" name="test_get_admin_stats" time="0.107" /><testcase classname="backend.tests.test_iteration16_new_features.TestAdminStatsAPI" name="test_get_admin_subscribers" time="0.135" /><testcase classname="backend.tests.test_iteration16_new_features.TestMiniAppPlansAPI" name="test_get_plans" time="0.116" /></testsuite></testsuites>