<?xml version="1.0" encoding="utf-8"?><testsuites name="pytest tests"><testsuite name="pytest" errors="1" failures="10" skipped="0" tests="31" time="10.666" timestamp="2026-04-07T13:34:17.520222+00:00" hostname="agent-env-d3651e8f-2674-470e-ab50-7357c70d209b"><testcase classname="tests.test_iteration41_ddd_restructuring.TestAuthRoutes" name="test_login_tenant_admin_returns_token_and_refresh" time="0.493" /><testcase classname="tests.test_iteration41_ddd_restructuring.TestAuthRoutes" name="test_login_super_admin_returns_token_and_refresh" time="0.346" /><testcase classname="tests.test_iteration41_ddd_restructuring.TestAuthRoutes" name="test_login_invalid_credentials_returns_401" time="0.324" /><testcase classname="tests.test_iteration41_ddd_restructuring.TestAuthRoutes" name="test_token_refresh_works" time="0.448" /><testcase classname="tests.test_iteration41_ddd_restructuring.TestAuthRoutes" name="test_auth_me_returns_user_info" time="0.437" /><testcase classname="tests.test_iteration41_ddd_restructuring.TestTenantAdminRoutes" name="test_get_analytics" time="0.495" /><testcase classname="tests.test_iteration41_ddd_restructuring.TestTenantAdminRoutes" name="test_get_plans" time="0.465" /><testcase classname="tests.test_iteration41_ddd_restructuring.TestTenantAdminRoutes" name="test_get_subscribers" time="0.440" /><testcase classname="tests.test_iteration41_ddd_restructuring.TestTenantAdminRoutes" name="test_get_broadcasts" time="0.481" /><testcase classname="tests.test_iteration41_ddd_restructuring.TestTenantAdminRoutes" name="test_get_templates" time="0.449" /><testcase classname="tests.test_iteration41_ddd_restructuring.TestTenantAdminRoutes" name="test_get_coupons" time="0.446" /><testcase classname="tests.test_iteration41_ddd_restructuring.TestTenantAdminRoutes" name="test_get_faqs" time="0.473" /><testcase classname="tests.test_iteration41_ddd_restructuring.TestTenantAdminRoutes" name="test_get_channels" time="0.508" /><testcase classname="tests.test_iteration41_ddd_restructuring.TestTenantAdminRoutes" name="test_get_settings" time="0.452" /><testcase classname="tests.test_iteration41_ddd_restructuring.TestPlatformAdminRoutes" name="test_get_saas_tenants" time="0.464" /><testcase classname="tests.test_iteration41_ddd_restructuring.TestPlatformAdminRoutes" name="test_get_risk_alerts" time="0.456" /><testcase classname="tests.test_iteration41_ddd_restructuring.TestPlatformAdminRoutes" name="test_get_admin_stats" time="0.437" /><testcase classname="tests.test_iteration41_ddd_restructuring.TestPlatformAdminRoutes" name="test_get_tenant_admins" time="0.462" /><testcase classname="tests.test_iteration41_ddd_restructuring.TestPlatformAdminRoutes" name="test_get_trial_config" time="0.093"><error message="failed on setup with &quot;assert 429 == 200&#10; +  where 429 = &lt;Response [429]&gt;.status_code&quot;">tests/test_iteration41_ddd_restructuring.py:216: in setup
    assert login_resp.status_code == 200
E   assert 429 == 200
E    +  where 429 = &lt;Response [429]&gt;.status_code</error></testcase><testcase classname="tests.test_iteration41_ddd_restructuring.TestTenantIsolation" name="test_tenant_admin_denied_risk_alerts" time="0.460" /><testcase classname="tests.test_iteration41_ddd_restructuring.TestTenantIsolation" name="test_tenant_admin_denied_saas_tenants" time="0.424" /><testcase classname="tests.test_iteration41_ddd_restructuring.TestTenantIsolation" name="test_tenant_admin_can_access_own_analytics" time="0.100"><failure message="KeyError: 'token'">tests/test_iteration41_ddd_restructuring.py:304: in test_tenant_admin_can_access_own_analytics
    token = login_resp.json()["token"]
            ^^^^^^^^^^^^^^^^^^^^^^^^^^
E   KeyError: 'token'</failure></testcase><testcase classname="tests.test_iteration41_ddd_restructuring.TestBackwardCompatibility" name="test_auth_login_works" time="0.336"><failure message="assert 429 == 200&#10; +  where 429 = &lt;Response [429]&gt;.status_code">tests/test_iteration41_ddd_restructuring.py:323: in test_auth_login_works
    assert response.status_code == 200
E   assert 429 == 200
E    +  where 429 = &lt;Response [429]&gt;.status_code</failure></testcase><testcase classname="tests.test_iteration41_ddd_restructuring.TestBackwardCompatibility" name="test_plans_endpoint_works" time="0.126"><failure message="KeyError: 'token'">tests/test_iteration41_ddd_restructuring.py:332: in test_plans_endpoint_works
    token = login_resp.json()["token"]
            ^^^^^^^^^^^^^^^^^^^^^^^^^^
E   KeyError: 'token'</failure></testcase><testcase classname="tests.test_iteration41_ddd_restructuring.TestBackwardCompatibility" name="test_subscribers_endpoint_works" time="0.110"><failure message="KeyError: 'token'">tests/test_iteration41_ddd_restructuring.py:346: in test_subscribers_endpoint_works
    token = login_resp.json()["token"]
            ^^^^^^^^^^^^^^^^^^^^^^^^^^
E   KeyError: 'token'</failure></testcase><testcase classname="tests.test_iteration41_ddd_restructuring.TestDDDStructureImports" name="test_core_config_loaded" time="0.204"><failure message="assert 429 == 200&#10; +  where 429 = &lt;Response [429]&gt;.status_code">tests/test_iteration41_ddd_restructuring.py:364: in test_core_config_loaded
    assert response.status_code == 200
E   assert 429 == 200
E    +  where 429 = &lt;Response [429]&gt;.status_code</failure></testcase><testcase classname="tests.test_iteration41_ddd_restructuring.TestDDDStructureImports" name="test_core_db_connected" time="0.113"><failure message="KeyError: 'token'">tests/test_iteration41_ddd_restructuring.py:375: in test_core_db_connected
    token = login_resp.json()["token"]
            ^^^^^^^^^^^^^^^^^^^^^^^^^^
E   KeyError: 'token'</failure></testcase><testcase classname="tests.test_iteration41_ddd_restructuring.TestDDDStructureImports" name="test_dependencies_auth_works" time="0.093"><failure message="KeyError: 'token'">tests/test_iteration41_ddd_restructuring.py:392: in test_dependencies_auth_works
    token = login_resp.json()["token"]
            ^^^^^^^^^^^^^^^^^^^^^^^^^^
E   KeyError: 'token'</failure></testcase><testcase classname="tests.test_iteration41_ddd_restructuring.TestDDDStructureImports" name="test_api_public_auth_works" time="0.133"><failure message="assert 429 == 200&#10; +  where 429 = &lt;Response [429]&gt;.status_code">tests/test_iteration41_ddd_restructuring.py:407: in test_api_public_auth_works
    assert response.status_code == 200
E   assert 429 == 200
E    +  where 429 = &lt;Response [429]&gt;.status_code</failure></testcase><testcase classname="tests.test_iteration41_ddd_restructuring.TestDDDStructureImports" name="test_api_tenant_admin_dashboard_works" time="0.121"><failure message="KeyError: 'token'">tests/test_iteration41_ddd_restructuring.py:416: in test_api_tenant_admin_dashboard_works
    token = login_resp.json()["token"]
            ^^^^^^^^^^^^^^^^^^^^^^^^^^
E   KeyError: 'token'</failure></testcase><testcase classname="tests.test_iteration41_ddd_restructuring.TestDDDStructureImports" name="test_api_platform_admin_works" time="0.112"><failure message="KeyError: 'token'">tests/test_iteration41_ddd_restructuring.py:430: in test_api_platform_admin_works
    token = login_resp.json()["token"]
            ^^^^^^^^^^^^^^^^^^^^^^^^^^
E   KeyError: 'token'</failure></testcase></testsuite></testsuites>