<?xml version="1.0" encoding="utf-8"?><testsuites name="pytest tests"><testsuite name="pytest" errors="0" failures="0" skipped="0" tests="14" time="4.778" timestamp="2026-03-31T16:07:04.700623+00:00" hostname="agent-env-394f5aff-35d7-4e6b-aef2-ea8a2db59c56"><testcase classname="backend.tests.test_iteration17_features.TestSubscriptionStatus" name="test_get_subscription_status_active" time="0.332" /><testcase classname="backend.tests.test_iteration17_features.TestSubscriptionStatus" name="test_get_subscription_status_non_existent_user" time="0.158" /><testcase classname="backend.tests.test_iteration17_features.TestPlansEndpoint" name="test_get_plans" time="0.144" /><testcase classname="backend.tests.test_iteration17_features.TestAdminLiveSessions" name="test_admin_check" time="0.125" /><testcase classname="backend.tests.test_iteration17_features.TestAdminLiveSessions" name="test_get_admin_live_sessions" time="0.107" /><testcase classname="backend.tests.test_iteration17_features.TestAdminLiveSessions" name="test_create_live_session" time="0.147" /><testcase classname="backend.tests.test_iteration17_features.TestAdminLiveSessions" name="test_end_live_session" time="1.794" /><testcase classname="backend.tests.test_iteration17_features.TestAdminLiveSessions" name="test_delete_live_session" time="0.389" /><testcase classname="backend.tests.test_iteration17_features.TestAdminLiveSessions" name="test_live_session_status_transitions" time="0.605" /><testcase classname="backend.tests.test_iteration17_features.TestAdminLiveSessions" name="test_non_admin_cannot_access_live_sessions" time="0.121" /><testcase classname="backend.tests.test_iteration17_features.TestAdminLiveSessions" name="test_non_admin_cannot_end_session" time="0.117" /><testcase classname="backend.tests.test_iteration17_features.TestAdminLiveSessions" name="test_non_admin_cannot_delete_session" time="0.151" /><testcase classname="backend.tests.test_iteration17_features.TestPublicLiveSessions" name="test_get_public_live_sessions" time="0.128" /><testcase classname="backend.tests.test_iteration17_features.TestCleanup" name="test_cleanup_test_sessions" time="0.390" /></testsuite></testsuites>