<?xml version="1.0" encoding="utf-8"?><testsuites name="pytest tests"><testsuite name="pytest" errors="0" failures="0" skipped="0" tests="29" time="6.667" timestamp="2026-03-31T18:13:00.241006+00:00" hostname="agent-env-531df6fd-4c96-4ef1-b75f-3ba08817e560"><testcase classname="tests.test_p0_security_hardening.TestAuthenticationAndRoles" name="test_super_admin_login_returns_correct_role" time="0.623" /><testcase classname="tests.test_p0_security_hardening.TestAuthenticationAndRoles" name="test_tenant_admin_login_returns_correct_role_and_tenant" time="0.570" /><testcase classname="tests.test_p0_security_hardening.TestAuthenticationAndRoles" name="test_check_admin_returns_role_field" time="0.139" /><testcase classname="tests.test_p0_security_hardening.TestSuperAdminAccess" name="test_super_admin_can_access_saas_tenants" time="0.493" /><testcase classname="tests.test_p0_security_hardening.TestSuperAdminAccess" name="test_super_admin_can_access_all_subscribers" time="0.142" /><testcase classname="tests.test_p0_security_hardening.TestSuperAdminAccess" name="test_super_admin_can_access_all_payments" time="0.134" /><testcase classname="tests.test_p0_security_hardening.TestSuperAdminAccess" name="test_super_admin_can_access_analytics" time="0.130" /><testcase classname="tests.test_p0_security_hardening.TestTenantAdminAccessRestrictions" name="test_tenant_admin_cannot_access_saas_tenants" time="0.502" /><testcase classname="tests.test_p0_security_hardening.TestTenantAdminAccessRestrictions" name="test_tenant_admin_sees_only_their_subscribers" time="0.117" /><testcase classname="tests.test_p0_security_hardening.TestTenantAdminAccessRestrictions" name="test_tenant_admin_sees_only_their_payments" time="0.177" /><testcase classname="tests.test_p0_security_hardening.TestTenantAdminAccessRestrictions" name="test_tenant_admin_sees_only_their_plans" time="0.114" /><testcase classname="tests.test_p0_security_hardening.TestTenantAdminAccessRestrictions" name="test_tenant_admin_sees_only_their_analytics" time="0.161" /><testcase classname="tests.test_p0_security_hardening.TestUnauthenticatedAccessBlocked" name="test_unauthenticated_tenant_dashboard_returns_401" time="0.162" /><testcase classname="tests.test_p0_security_hardening.TestUnauthenticatedAccessBlocked" name="test_unauthenticated_tenant_settings_returns_401" time="0.110" /><testcase classname="tests.test_p0_security_hardening.TestUnauthenticatedAccessBlocked" name="test_unauthenticated_subscribers_returns_401" time="0.108" /><testcase classname="tests.test_p0_security_hardening.TestUnauthenticatedAccessBlocked" name="test_unauthenticated_payments_returns_401" time="0.123" /><testcase classname="tests.test_p0_security_hardening.TestUnauthenticatedAccessBlocked" name="test_unauthenticated_plans_returns_401" time="0.122" /><testcase classname="tests.test_p0_security_hardening.TestUnauthenticatedAccessBlocked" name="test_unauthenticated_analytics_returns_401" time="0.167" /><testcase classname="tests.test_p0_security_hardening.TestUnauthenticatedAccessBlocked" name="test_unauthenticated_saas_tenants_returns_401" time="0.150" /><testcase classname="tests.test_p0_security_hardening.TestTenantDashboardAccess" name="test_super_admin_can_access_any_tenant_dashboard" time="0.479" /><testcase classname="tests.test_p0_security_hardening.TestTenantDashboardAccess" name="test_tenant_admin_can_access_own_tenant_dashboard" time="0.474" /><testcase classname="tests.test_p0_security_hardening.TestTenantDashboardAccess" name="test_tenant_admin_cannot_access_other_tenant_dashboard" time="0.135" /><testcase classname="tests.test_p0_security_hardening.TestCORSConfiguration" name="test_cors_allows_configured_origins" time="0.071" /><testcase classname="tests.test_p0_security_hardening.TestPublicEndpoints" name="test_dashboard_plans_is_public" time="0.117" /><testcase classname="tests.test_p0_security_hardening.TestPublicEndpoints" name="test_tenant_validate_bot_is_public" time="0.123" /><testcase classname="tests.test_p0_security_hardening.TestPublicEndpoints" name="test_tenant_lookup_is_public" time="0.177" /><testcase classname="tests.test_p0_security_hardening.TestBroadcastsAndFeatures" name="test_tenant_admin_sees_only_their_broadcasts" time="0.537" /><testcase classname="tests.test_p0_security_hardening.TestBroadcastsAndFeatures" name="test_tenant_admin_sees_only_their_referrals" time="0.110" /><testcase classname="tests.test_p0_security_hardening.TestBroadcastsAndFeatures" name="test_tenant_admin_sees_only_their_live_sessions" time="0.115" /></testsuite></testsuites>