<?xml version="1.0" encoding="utf-8"?><testsuites name="pytest tests"><testsuite name="pytest" errors="0" failures="0" skipped="0" tests="12" time="4.438" timestamp="2026-04-01T06:37:43.957052+00:00" hostname="agent-env-d3651e8f-2674-470e-ab50-7357c70d209b"><testcase classname="backend.tests.test_iteration24_control_center.TestAuthAndRoles" name="test_super_admin_login" time="0.358" /><testcase classname="backend.tests.test_iteration24_control_center.TestAuthAndRoles" name="test_tenant_admin_login" time="0.318" /><testcase classname="backend.tests.test_iteration24_control_center.TestSuperAdminControlCenter" name="test_admin_stats_returns_comprehensive_data" time="0.449" /><testcase classname="backend.tests.test_iteration24_control_center.TestSuperAdminControlCenter" name="test_admin_stats_requires_super_admin" time="0.418" /><testcase classname="backend.tests.test_iteration24_control_center.TestSuperAdminControlCenter" name="test_admin_stats_requires_auth" time="0.105" /><testcase classname="backend.tests.test_iteration24_control_center.TestTenantProfile" name="test_tenant_profile_returns_full_data" time="0.471" /><testcase classname="backend.tests.test_iteration24_control_center.TestTenantProfile" name="test_tenant_profile_404_for_nonexistent" time="0.412" /><testcase classname="backend.tests.test_iteration24_control_center.TestTenantProfile" name="test_tenant_profile_requires_super_admin" time="0.416" /><testcase classname="backend.tests.test_iteration24_control_center.TestTenantProfile" name="test_tenant_profile_requires_auth" time="0.102" /><testcase classname="backend.tests.test_iteration24_control_center.TestDataIntegrity" name="test_top_tenants_have_valid_data" time="0.425" /><testcase classname="backend.tests.test_iteration24_control_center.TestDataIntegrity" name="test_daily_chart_has_valid_format" time="0.433" /><testcase classname="backend.tests.test_iteration24_control_center.TestDataIntegrity" name="test_tenant_profile_stats_consistency" time="0.439" /></testsuite></testsuites>