<?xml version="1.0" encoding="utf-8"?><testsuites name="pytest tests"><testsuite name="pytest" errors="0" failures="0" skipped="0" tests="15" time="7.816" timestamp="2026-04-07T12:06:11.285391+00:00" hostname="agent-env-d3651e8f-2674-470e-ab50-7357c70d209b"><testcase classname="backend.tests.test_iteration37_phase2_3.TestSuperAdminAuth" name="test_super_admin_login_success" time="0.538" /><testcase classname="backend.tests.test_iteration37_phase2_3.TestSuperAdminAuth" name="test_super_admin_jwt_contains_role_and_tenant_id" time="0.361" /><testcase classname="backend.tests.test_iteration37_phase2_3.TestSuperAdminAuth" name="test_check_admin_returns_super_admin_role" time="0.526" /><testcase classname="backend.tests.test_iteration37_phase2_3.TestTenantAdminAuth" name="test_tenant_admin_login_success" time="0.369" /><testcase classname="backend.tests.test_iteration37_phase2_3.TestTenantAdminAuth" name="test_tenant_admin_jwt_contains_role_and_tenant_id" time="0.324" /><testcase classname="backend.tests.test_iteration37_phase2_3.TestTenantAdminAuth" name="test_tenant_admin_denied_super_admin_endpoints" time="0.929" /><testcase classname="backend.tests.test_iteration37_phase2_3.TestImpersonationAPI" name="test_impersonate_tenant_returns_token" time="0.577" /><testcase classname="backend.tests.test_iteration37_phase2_3.TestImpersonationAPI" name="test_impersonate_nonexistent_tenant_returns_404" time="0.455" /><testcase classname="backend.tests.test_iteration37_phase2_3.TestImpersonationAPI" name="test_impersonation_audit_log" time="0.450" /><testcase classname="backend.tests.test_iteration37_phase2_3.TestRiskAlertsAPI" name="test_risk_alerts_returns_structure" time="0.462" /><testcase classname="backend.tests.test_iteration37_phase2_3.TestRiskAlertsAPI" name="test_dismiss_alert_api" time="0.464" /><testcase classname="backend.tests.test_iteration37_phase2_3.TestRequestContextMiddleware" name="test_x_request_id_in_login_response" time="0.347" /><testcase classname="backend.tests.test_iteration37_phase2_3.TestRequestContextMiddleware" name="test_x_request_id_unique_per_request" time="0.994" /><testcase classname="backend.tests.test_iteration37_phase2_3.TestSuperAdminDashboardEndpoints" name="test_admin_stats_endpoint" time="0.489" /><testcase classname="backend.tests.test_iteration37_phase2_3.TestSuperAdminDashboardEndpoints" name="test_saas_tenants_endpoint" time="0.460" /></testsuite></testsuites>