<?xml version="1.0" encoding="utf-8"?><testsuites name="pytest tests"><testsuite name="pytest" errors="0" failures="0" skipped="0" tests="14" time="7.040" timestamp="2026-04-07T15:57:12.985826+00:00" hostname="agent-env-d3651e8f-2674-470e-ab50-7357c70d209b"><testcase classname="tests.test_iteration43_strict_tenant_routes_cleanup.TestAuthenticationAndRoles" name="test_super_admin_login_returns_correct_role_and_tenant" time="0.333" /><testcase classname="tests.test_iteration43_strict_tenant_routes_cleanup.TestAuthenticationAndRoles" name="test_tenant_admin_login_returns_correct_role_and_tenant" time="0.351" /><testcase classname="tests.test_iteration43_strict_tenant_routes_cleanup.TestSuperAdminEndpoints" name="test_get_tenants_list_requires_super_admin" time="0.523" /><testcase classname="tests.test_iteration43_strict_tenant_routes_cleanup.TestSuperAdminEndpoints" name="test_get_tenants_denied_for_tenant_admin" time="0.520" /><testcase classname="tests.test_iteration43_strict_tenant_routes_cleanup.TestTelegramWebhook" name="test_webhook_start_command_processes_successfully" time="1.950" /><testcase classname="tests.test_iteration43_strict_tenant_routes_cleanup.TestTelegramWebhook" name="test_webhook_subscribe_command_processes_successfully" time="2.047" /><testcase classname="tests.test_iteration43_strict_tenant_routes_cleanup.TestTenantIsolation" name="test_no_orphan_plans_without_tenant_id" time="0.527" /><testcase classname="tests.test_iteration43_strict_tenant_routes_cleanup.TestQRToggleFeature" name="test_get_tenant_shows_qr_enabled_field" time="0.609" /><testcase classname="tests.test_iteration43_strict_tenant_routes_cleanup.TestRoutesCleanup" name="test_routes_folder_does_not_exist" time="0.000" /><testcase classname="tests.test_iteration43_strict_tenant_routes_cleanup.TestRoutesCleanup" name="test_backend_server_has_no_routes_imports" time="0.000" /><testcase classname="tests.test_iteration43_strict_tenant_routes_cleanup.TestBackendHealth" name="test_backend_is_running" time="0.114" /><testcase classname="tests.test_iteration43_strict_tenant_routes_cleanup.TestBackendHealth" name="test_backend_has_no_import_errors" time="0.003" /><testcase classname="tests.test_iteration43_strict_tenant_routes_cleanup.TestStrictTenantEnforcement" name="test_tenant_service_has_access_denied_error" time="0.000" /><testcase classname="tests.test_iteration43_strict_tenant_routes_cleanup.TestStrictTenantEnforcement" name="test_constants_has_unresolved_tenant" time="0.000" /></testsuite></testsuites>