<?xml version="1.0" encoding="utf-8"?><testsuites name="pytest tests"><testsuite name="pytest" errors="0" failures="0" skipped="0" tests="51" time="12.304" timestamp="2026-03-31T19:03:07.140369+00:00" hostname="agent-env-dc6f940e-0531-420e-8207-1e40b69edfc8"><testcase classname="tests.test_refactoring_regression.TestAuthRoutes" name="test_super_admin_login" time="0.430" /><testcase classname="tests.test_refactoring_regression.TestAuthRoutes" name="test_tenant_admin_login" time="0.339" /><testcase classname="tests.test_refactoring_regression.TestAuthRoutes" name="test_check_admin_unauthenticated" time="0.116" /><testcase classname="tests.test_refactoring_regression.TestPlansRoutes" name="test_get_plans_authenticated" time="0.463" /><testcase classname="tests.test_refactoring_regression.TestPlansRoutes" name="test_get_plans_unauthenticated" time="0.115" /><testcase classname="tests.test_refactoring_regression.TestPlansRoutes" name="test_get_active_plans_public" time="0.106" /><testcase classname="tests.test_refactoring_regression.TestSubscribersRoutes" name="test_get_subscribers" time="0.478" /><testcase classname="tests.test_refactoring_regression.TestSubscribersRoutes" name="test_get_subscribers_with_status_filter" time="0.130" /><testcase classname="tests.test_refactoring_regression.TestPaymentsRoutes" name="test_get_payments" time="0.482" /><testcase classname="tests.test_refactoring_regression.TestPaymentsRoutes" name="test_get_payments_with_status_filter" time="0.140" /><testcase classname="tests.test_refactoring_regression.TestDashboardRoutes" name="test_get_analytics" time="0.449" /><testcase classname="tests.test_refactoring_regression.TestDashboardRoutes" name="test_get_settings" time="0.133" /><testcase classname="tests.test_refactoring_regression.TestDashboardRoutes" name="test_get_channels" time="0.129" /><testcase classname="tests.test_refactoring_regression.TestDashboardRoutes" name="test_get_chat_groups" time="0.109" /><testcase classname="tests.test_refactoring_regression.TestDashboardRoutes" name="test_get_branding" time="0.107" /><testcase classname="tests.test_refactoring_regression.TestDashboardRoutes" name="test_get_bot_language" time="0.103" /><testcase classname="tests.test_refactoring_regression.TestBroadcastsRoutes" name="test_get_templates" time="0.498" /><testcase classname="tests.test_refactoring_regression.TestBroadcastsRoutes" name="test_get_broadcasts" time="0.113" /><testcase classname="tests.test_refactoring_regression.TestBroadcastsRoutes" name="test_get_scheduled_broadcasts" time="0.118" /><testcase classname="tests.test_refactoring_regression.TestEngagementRoutes" name="test_get_coupons" time="0.442" /><testcase classname="tests.test_refactoring_regression.TestEngagementRoutes" name="test_get_referrals" time="0.141" /><testcase classname="tests.test_refactoring_regression.TestEngagementRoutes" name="test_get_blocked_users" time="0.153" /><testcase classname="tests.test_refactoring_regression.TestEngagementRoutes" name="test_get_tags" time="0.131" /><testcase classname="tests.test_refactoring_regression.TestEngagementRoutes" name="test_get_faqs" time="0.135" /><testcase classname="tests.test_refactoring_regression.TestEngagementRoutes" name="test_get_video_calls" time="0.152" /><testcase classname="tests.test_refactoring_regression.TestLiveContentRoutes" name="test_get_live_sessions" time="0.460" /><testcase classname="tests.test_refactoring_regression.TestLiveContentRoutes" name="test_get_creators" time="0.119" /><testcase classname="tests.test_refactoring_regression.TestLiveContentRoutes" name="test_get_telegram_admins" time="0.114" /><testcase classname="tests.test_refactoring_regression.TestLiveContentRoutes" name="test_get_paid_posts" time="0.114" /><testcase classname="tests.test_refactoring_regression.TestLiveContentRoutes" name="test_get_unlock_requests" time="0.131" /><testcase classname="tests.test_refactoring_regression.TestAnalyticsExportsRoutes" name="test_get_revenue_analytics" time="0.464" /><testcase classname="tests.test_refactoring_regression.TestAnalyticsExportsRoutes" name="test_get_user_analytics" time="0.129" /><testcase classname="tests.test_refactoring_regression.TestAnalyticsExportsRoutes" name="test_export_subscribers" time="0.111" /><testcase classname="tests.test_refactoring_regression.TestAnalyticsExportsRoutes" name="test_export_payments" time="0.123" /><testcase classname="tests.test_refactoring_regression.TestAnalyticsExportsRoutes" name="test_get_chat_messages" time="0.114" /><testcase classname="tests.test_refactoring_regression.TestAnalyticsExportsRoutes" name="test_get_bot_activity" time="0.129" /><testcase classname="tests.test_refactoring_regression.TestMiniAppUserRoutes" name="test_get_miniapp_plans" time="1.740" /><testcase classname="tests.test_refactoring_regression.TestMiniAppUserRoutes" name="test_get_miniapp_status" time="0.110" /><testcase classname="tests.test_refactoring_regression.TestMiniAppUserRoutes" name="test_get_miniapp_upi_details" time="0.111" /><testcase classname="tests.test_refactoring_regression.TestMiniAppUserRoutes" name="test_get_miniapp_notifications" time="0.135" /><testcase classname="tests.test_refactoring_regression.TestMiniAppUserRoutes" name="test_get_miniapp_live_sessions_public" time="0.108" /><testcase classname="tests.test_refactoring_regression.TestMiniAppUserRoutes" name="test_apply_coupon" time="0.113" /><testcase classname="tests.test_refactoring_regression.TestMiniAppAdminRoutes" name="test_admin_check" time="0.151" /><testcase classname="tests.test_refactoring_regression.TestMiniAppAdminRoutes" name="test_admin_stats_unauthorized" time="0.109" /><testcase classname="tests.test_refactoring_regression.TestMiniAppAdminRoutes" name="test_admin_pending_payments_unauthorized" time="0.132" /><testcase classname="tests.test_refactoring_regression.TestMiniAppAdminRoutes" name="test_admin_subscribers_unauthorized" time="0.119" /><testcase classname="tests.test_refactoring_regression.TestMiniAppAdminRoutes" name="test_admin_paid_posts_unauthorized" time="0.113" /><testcase classname="tests.test_refactoring_regression.TestTenantIsolation" name="test_tenant_admin_sees_own_data" time="0.769" /><testcase classname="tests.test_refactoring_regression.TestTenantIsolation" name="test_tenant_admin_blocked_from_saas" time="0.113" /><testcase classname="tests.test_refactoring_regression.TestRBACEndpoints" name="test_super_admin_can_access_saas" time="0.495" /><testcase classname="tests.test_refactoring_regression.TestRBACEndpoints" name="test_super_admin_can_update_branding" time="0.141" /></testsuite></testsuites>