<?xml version="1.0" encoding="utf-8"?><testsuites name="pytest tests"><testsuite name="pytest" errors="0" failures="0" skipped="0" tests="16" time="2.571" timestamp="2026-03-31T14:49:15.375792+00:00" hostname="agent-env-394f5aff-35d7-4e6b-aef2-ea8a2db59c56"><testcase classname="tests.test_iteration14_tenant_live.TestTenantIsolation" name="test_admin_stats_returns_tenant_scoped_data" time="0.268" /><testcase classname="tests.test_iteration14_tenant_live.TestTenantIsolation" name="test_admin_stats_403_for_non_admin" time="0.140" /><testcase classname="tests.test_iteration14_tenant_live.TestTenantManagement" name="test_get_tenant_info_for_admin" time="0.108" /><testcase classname="tests.test_iteration14_tenant_live.TestTenantManagement" name="test_get_tenant_403_for_non_admin" time="0.185" /><testcase classname="tests.test_iteration14_tenant_live.TestLiveSessionsPublic" name="test_get_public_live_sessions" time="0.131" /><testcase classname="tests.test_iteration14_tenant_live.TestLiveTicketStatus" name="test_get_ticket_status_no_ticket" time="0.164" /><testcase classname="tests.test_iteration14_tenant_live.TestLiveTicketStatus" name="test_get_ticket_status_with_session" time="0.278" /><testcase classname="tests.test_iteration14_tenant_live.TestLiveTicketUpload" name="test_upload_screenshot_no_file" time="0.109" /><testcase classname="tests.test_iteration14_tenant_live.TestLiveTicketUpload" name="test_upload_screenshot_invalid_session" time="0.118" /><testcase classname="tests.test_iteration14_tenant_live.TestPlansAPI" name="test_get_plans" time="0.131" /><testcase classname="tests.test_iteration14_tenant_live.TestAdminLiveSessions" name="test_get_admin_live_sessions" time="0.143" /><testcase classname="tests.test_iteration14_tenant_live.TestAdminLiveSessions" name="test_create_live_session_with_tenant" time="0.233" /><testcase classname="tests.test_iteration14_tenant_live.TestAdminSubscribers" name="test_get_subscribers" time="0.105" /><testcase classname="tests.test_iteration14_tenant_live.TestAdminBroadcast" name="test_broadcast_permission_check" time="0.121" /><testcase classname="tests.test_iteration14_tenant_live.TestAdminCheck" name="test_admin_check_for_admin" time="0.141" /><testcase classname="tests.test_iteration14_tenant_live.TestAdminCheck" name="test_admin_check_for_non_admin" time="0.120" /></testsuite></testsuites>