<?xml version="1.0" encoding="utf-8"?><testsuites name="pytest tests"><testsuite name="pytest" errors="0" failures="0" skipped="0" tests="17" time="6.653" timestamp="2026-04-02T09:19:24.731542+00:00" hostname="agent-env-d3651e8f-2674-470e-ab50-7357c70d209b"><testcase classname="tests.test_iteration27_tenant_isolation.TestTenantIsolation" name="test_01_super_admin_login" time="0.355" /><testcase classname="tests.test_iteration27_tenant_isolation.TestTenantIsolation" name="test_02_tenant_admin_login" time="0.323" /><testcase classname="tests.test_iteration27_tenant_isolation.TestTenantIsolation" name="test_03_new_user_login" time="0.376" /><testcase classname="tests.test_iteration27_tenant_isolation.TestTenantIsolation" name="test_04_super_admin_sees_all_data" time="0.397" /><testcase classname="tests.test_iteration27_tenant_isolation.TestTenantIsolation" name="test_05_tenant_admin_sees_only_own_data" time="0.376" /><testcase classname="tests.test_iteration27_tenant_isolation.TestTenantIsolation" name="test_06_new_user_sees_zero_data_critical" time="0.370" /><testcase classname="tests.test_iteration27_tenant_isolation.TestTenantIsolation" name="test_07_new_user_plans_empty" time="0.370" /><testcase classname="tests.test_iteration27_tenant_isolation.TestTenantIsolation" name="test_08_new_user_payments_empty" time="0.371" /><testcase classname="tests.test_iteration27_tenant_isolation.TestTenantIsolation" name="test_09_new_user_subscribers_empty" time="0.365" /><testcase classname="tests.test_iteration27_tenant_isolation.TestTenantIsolation" name="test_10_tenant_admin_has_plans" time="0.373" /><testcase classname="tests.test_iteration27_tenant_isolation.TestTenantIsolation" name="test_11_tenant_admin_has_payments" time="0.396" /><testcase classname="tests.test_iteration27_tenant_isolation.TestTenantIsolation" name="test_12_tenant_admin_has_subscribers" time="0.384" /><testcase classname="tests.test_iteration27_tenant_isolation.TestRegistrationAutoTenant" name="test_13_registration_creates_unique_tenant" time="0.344" /><testcase classname="tests.test_iteration27_tenant_isolation.TestRegistrationAutoTenant" name="test_14_new_registered_user_sees_zero_data" time="0.400" /><testcase classname="tests.test_iteration27_tenant_isolation.TestRegistrationAutoTenant" name="test_15_two_registrations_get_different_tenants" time="0.619" /><testcase classname="tests.test_iteration27_tenant_isolation.TestRevenueAnalyticsIsolation" name="test_16_new_user_revenue_analytics_zero" time="0.378" /><testcase classname="tests.test_iteration27_tenant_isolation.TestRevenueAnalyticsIsolation" name="test_17_tenant_admin_revenue_analytics_has_data" time="0.370" /></testsuite></testsuites>