<?xml version="1.0" encoding="utf-8"?><testsuites name="pytest tests"><testsuite name="pytest" errors="0" failures="0" skipped="0" tests="21" time="10.239" timestamp="2026-04-07T12:35:57.072467+00:00" hostname="agent-env-d3651e8f-2674-470e-ab50-7357c70d209b"><testcase classname="tests.test_iteration39_refactoring.TestAuthEndpoints" name="test_super_admin_login" time="0.384" /><testcase classname="tests.test_iteration39_refactoring.TestAuthEndpoints" name="test_tenant_admin_login" time="0.343" /><testcase classname="tests.test_iteration39_refactoring.TestAuthEndpoints" name="test_check_admin_super_admin" time="0.440" /><testcase classname="tests.test_iteration39_refactoring.TestPlansAPI" name="test_super_admin_gets_all_plans" time="0.450" /><testcase classname="tests.test_iteration39_refactoring.TestPlansAPI" name="test_tenant_admin_gets_scoped_plans" time="0.489" /><testcase classname="tests.test_iteration39_refactoring.TestSubscribersAPI" name="test_subscribers_returns_paginated_data" time="0.483" /><testcase classname="tests.test_iteration39_refactoring.TestPaymentsAPI" name="test_payments_returns_paginated_data" time="0.437" /><testcase classname="tests.test_iteration39_refactoring.TestAnalyticsAPI" name="test_analytics_returns_stats" time="0.440" /><testcase classname="tests.test_iteration39_refactoring.TestBroadcastsAPI" name="test_broadcasts_returns_list" time="0.442" /><testcase classname="tests.test_iteration39_refactoring.TestCouponsAPI" name="test_coupons_returns_list" time="0.458" /><testcase classname="tests.test_iteration39_refactoring.TestSaaSManagementAPI" name="test_risk_alerts_super_admin" time="0.461" /><testcase classname="tests.test_iteration39_refactoring.TestSaaSManagementAPI" name="test_risk_alerts_tenant_admin_denied" time="0.450" /><testcase classname="tests.test_iteration39_refactoring.TestSaaSManagementAPI" name="test_tenants_no_default" time="0.527" /><testcase classname="tests.test_iteration39_refactoring.TestImpersonationAPI" name="test_impersonate_valid_tenant" time="0.579" /><testcase classname="tests.test_iteration39_refactoring.TestImpersonationAPI" name="test_impersonate_nonexistent_tenant" time="0.461" /><testcase classname="tests.test_iteration39_refactoring.TestImpersonationAPI" name="test_tenant_admin_denied_impersonation" time="0.444" /><testcase classname="tests.test_iteration39_refactoring.TestTelegramWebhook" name="test_webhook_returns_ok" time="0.888" /><testcase classname="tests.test_iteration39_refactoring.TestTelegramWebhook" name="test_webhook_handles_callback_query" time="0.856" /><testcase classname="tests.test_iteration39_refactoring.TestTelegramWebhook" name="test_webhook_handles_channel_post" time="0.122" /><testcase classname="tests.test_iteration39_refactoring.TestXRequestIDHeader" name="test_x_request_id_present" time="0.322" /><testcase classname="tests.test_iteration39_refactoring.TestXRequestIDHeader" name="test_x_request_id_unique" time="0.681" /></testsuite></testsuites>