<?xml version="1.0" encoding="utf-8"?><testsuites name="pytest tests"><testsuite name="pytest" errors="0" failures="0" skipped="0" tests="21" time="6.534" timestamp="2026-03-31T16:31:46.796669+00:00" hostname="agent-env-531df6fd-4c96-4ef1-b75f-3ba08817e560"><testcase classname="backend.tests.test_iteration18_saas_management.TestSaaSManagementAuth" name="test_super_admin_login" time="0.446" /><testcase classname="backend.tests.test_iteration18_saas_management.TestSaaSManagementAuth" name="test_check_admin_status" time="0.137" /><testcase classname="backend.tests.test_iteration18_saas_management.TestBotPlansCRUD" name="test_get_bot_plans" time="0.495" /><testcase classname="backend.tests.test_iteration18_saas_management.TestBotPlansCRUD" name="test_create_bot_plan" time="0.276" /><testcase classname="backend.tests.test_iteration18_saas_management.TestBotPlansCRUD" name="test_update_bot_plan" time="0.356" /><testcase classname="backend.tests.test_iteration18_saas_management.TestBotPlansCRUD" name="test_verify_plan_update_persisted" time="0.155" /><testcase classname="backend.tests.test_iteration18_saas_management.TestBotPlansCRUD" name="test_delete_bot_plan" time="0.132" /><testcase classname="backend.tests.test_iteration18_saas_management.TestBotPlansCRUD" name="test_verify_plan_deleted" time="0.168" /><testcase classname="backend.tests.test_iteration18_saas_management.TestTenantsCRUD" name="test_get_tenants" time="0.461" /><testcase classname="backend.tests.test_iteration18_saas_management.TestTenantsCRUD" name="test_verify_kaloo_tenant_exists" time="0.111" /><testcase classname="backend.tests.test_iteration18_saas_management.TestTenantsCRUD" name="test_create_tenant" time="0.129" /><testcase classname="backend.tests.test_iteration18_saas_management.TestTenantsCRUD" name="test_update_tenant" time="0.362" /><testcase classname="backend.tests.test_iteration18_saas_management.TestTenantsCRUD" name="test_deactivate_tenant" time="0.381" /><testcase classname="backend.tests.test_iteration18_saas_management.TestTenantAdminAssignment" name="test_get_tenant_admins" time="0.585" /><testcase classname="backend.tests.test_iteration18_saas_management.TestTenantAdminAssignment" name="test_assign_admin_to_tenant" time="0.118" /><testcase classname="backend.tests.test_iteration18_saas_management.TestTenantAdminAssignment" name="test_verify_admin_assignment_persisted" time="0.122" /><testcase classname="backend.tests.test_iteration18_saas_management.TestTenantAdminAssignment" name="test_duplicate_admin_assignment_fails" time="0.113" /><testcase classname="backend.tests.test_iteration18_saas_management.TestTenantAdminAssignment" name="test_remove_admin_from_tenant" time="0.415" /><testcase classname="backend.tests.test_iteration18_saas_management.TestTenantAdminAssignment" name="test_cleanup_test_tenant" time="0.140" /><testcase classname="backend.tests.test_iteration18_saas_management.TestCleanupTestData" name="test_cleanup_test_plans" time="0.484" /><testcase classname="backend.tests.test_iteration18_saas_management.TestCleanupTestData" name="test_cleanup_test_tenants" time="0.861" /></testsuite></testsuites>