<?xml version="1.0" encoding="utf-8"?><testsuites name="pytest tests"><testsuite name="pytest" errors="0" failures="0" skipped="0" tests="23" time="3.461" timestamp="2026-04-02T16:37:53.923512+00:00" hostname="agent-env-d3651e8f-2674-470e-ab50-7357c70d209b"><testcase classname="backend.tests.test_iteration34_miniapp_data_isolation.TestMiniAppPlansCRUD" name="test_get_miniapp_plans" time="0.636" /><testcase classname="backend.tests.test_iteration34_miniapp_data_isolation.TestMiniAppPlansCRUD" name="test_create_miniapp_plan" time="0.115" /><testcase classname="backend.tests.test_iteration34_miniapp_data_isolation.TestMiniAppPlansCRUD" name="test_update_miniapp_plan" time="0.151" /><testcase classname="backend.tests.test_iteration34_miniapp_data_isolation.TestMiniAppPlansCRUD" name="test_verify_miniapp_plan_update_persisted" time="0.110" /><testcase classname="backend.tests.test_iteration34_miniapp_data_isolation.TestMiniAppPlansCRUD" name="test_delete_miniapp_plan" time="0.114" /><testcase classname="backend.tests.test_iteration34_miniapp_data_isolation.TestMiniAppPlansCRUD" name="test_verify_miniapp_plan_deleted" time="0.180" /><testcase classname="backend.tests.test_iteration34_miniapp_data_isolation.TestDataIsolation" name="test_create_miniapp_plan_for_isolation_test" time="0.189" /><testcase classname="backend.tests.test_iteration34_miniapp_data_isolation.TestDataIsolation" name="test_miniapp_plan_not_in_bot_plans" time="0.104" /><testcase classname="backend.tests.test_iteration34_miniapp_data_isolation.TestDataIsolation" name="test_bot_plans_have_no_miniapp_source" time="0.119" /><testcase classname="backend.tests.test_iteration34_miniapp_data_isolation.TestDataIsolation" name="test_miniapp_plans_have_miniapp_source" time="0.139" /><testcase classname="backend.tests.test_iteration34_miniapp_data_isolation.TestDataIsolation" name="test_cleanup_isolation_test_plan" time="0.115" /><testcase classname="backend.tests.test_iteration34_miniapp_data_isolation.TestMiniAppSubscribers" name="test_get_miniapp_subscribers" time="0.117" /><testcase classname="backend.tests.test_iteration34_miniapp_data_isolation.TestMiniAppSubscribers" name="test_bot_subscribers_exclude_miniapp" time="0.136" /><testcase classname="backend.tests.test_iteration34_miniapp_data_isolation.TestMiniAppPayments" name="test_get_miniapp_payments" time="0.122" /><testcase classname="backend.tests.test_iteration34_miniapp_data_isolation.TestMiniAppPayments" name="test_miniapp_payments_filter_by_status" time="0.130" /><testcase classname="backend.tests.test_iteration34_miniapp_data_isolation.TestMiniAppPayments" name="test_bot_payments_exclude_miniapp" time="0.125" /><testcase classname="backend.tests.test_iteration34_miniapp_data_isolation.TestMiniAppPaymentAction" name="test_payment_action_requires_auth" time="0.108" /><testcase classname="backend.tests.test_iteration34_miniapp_data_isolation.TestMiniAppPaymentAction" name="test_payment_action_invalid_action" time="0.113" /><testcase classname="backend.tests.test_iteration34_miniapp_data_isolation.TestAuthentication" name="test_miniapp_plans_requires_auth" time="0.122" /><testcase classname="backend.tests.test_iteration34_miniapp_data_isolation.TestAuthentication" name="test_miniapp_subscribers_requires_auth" time="0.100" /><testcase classname="backend.tests.test_iteration34_miniapp_data_isolation.TestAuthentication" name="test_miniapp_payments_requires_auth" time="0.107" /><testcase classname="backend.tests.test_iteration34_miniapp_data_isolation.TestExistingMiniAppPlan" name="test_vip_video_call_plan_exists" time="0.118" /><testcase classname="backend.tests.test_iteration34_miniapp_data_isolation.TestExistingMiniAppPlan" name="test_vip_plan_not_in_bot_plans" time="0.102" /></testsuite></testsuites>