<?xml version="1.0" encoding="utf-8"?><testsuites name="pytest tests"><testsuite name="pytest" errors="0" failures="0" skipped="0" tests="23" time="5.906" timestamp="2026-04-05T11:45:00.005381+00:00" hostname="agent-env-d3651e8f-2674-470e-ab50-7357c70d209b"><testcase classname="backend.tests.test_iteration35_enhanced_tenant_management.TestAllUsersDropdown" name="test_get_all_users_dropdown_success" time="0.859" /><testcase classname="backend.tests.test_iteration35_enhanced_tenant_management.TestAllUsersDropdown" name="test_get_all_users_dropdown_requires_auth" time="0.102" /><testcase classname="backend.tests.test_iteration35_enhanced_tenant_management.TestAllUsersDropdown" name="test_get_all_users_dropdown_requires_super_admin" time="0.454" /><testcase classname="backend.tests.test_iteration35_enhanced_tenant_management.TestChangeOwner" name="test_change_owner_requires_auth" time="0.115" /><testcase classname="backend.tests.test_iteration35_enhanced_tenant_management.TestChangeOwner" name="test_change_owner_requires_super_admin" time="0.164" /><testcase classname="backend.tests.test_iteration35_enhanced_tenant_management.TestChangeOwner" name="test_change_owner_requires_email" time="0.233" /><testcase classname="backend.tests.test_iteration35_enhanced_tenant_management.TestChangeOwner" name="test_change_owner_tenant_not_found" time="0.119" /><testcase classname="backend.tests.test_iteration35_enhanced_tenant_management.TestChangeOwner" name="test_change_owner_success" time="0.348" /><testcase classname="backend.tests.test_iteration35_enhanced_tenant_management.TestReactivateTenant" name="test_reactivate_requires_auth" time="0.095" /><testcase classname="backend.tests.test_iteration35_enhanced_tenant_management.TestReactivateTenant" name="test_reactivate_requires_super_admin" time="0.096" /><testcase classname="backend.tests.test_iteration35_enhanced_tenant_management.TestReactivateTenant" name="test_reactivate_tenant_not_found" time="0.119" /><testcase classname="backend.tests.test_iteration35_enhanced_tenant_management.TestReactivateTenant" name="test_reactivate_tenant_success" time="0.218" /><testcase classname="backend.tests.test_iteration35_enhanced_tenant_management.TestPermanentDelete" name="test_permanent_delete_requires_auth" time="0.100" /><testcase classname="backend.tests.test_iteration35_enhanced_tenant_management.TestPermanentDelete" name="test_permanent_delete_requires_super_admin" time="0.099" /><testcase classname="backend.tests.test_iteration35_enhanced_tenant_management.TestPermanentDelete" name="test_permanent_delete_tenant_not_found" time="0.093" /><testcase classname="backend.tests.test_iteration35_enhanced_tenant_management.TestPermanentDelete" name="test_permanent_delete_creates_and_deletes_test_tenant" time="0.365" /><testcase classname="backend.tests.test_iteration35_enhanced_tenant_management.TestTenantIsolationReport" name="test_isolation_report_requires_auth" time="0.103" /><testcase classname="backend.tests.test_iteration35_enhanced_tenant_management.TestTenantIsolationReport" name="test_isolation_report_requires_super_admin" time="0.105" /><testcase classname="backend.tests.test_iteration35_enhanced_tenant_management.TestTenantIsolationReport" name="test_isolation_report_success" time="0.149" /><testcase classname="backend.tests.test_iteration35_enhanced_tenant_management.TestTenantIsolationReport" name="test_isolation_report_tenant_data_counts" time="0.156" /><testcase classname="backend.tests.test_iteration35_enhanced_tenant_management.TestExistingTenantEndpoints" name="test_get_all_tenants" time="0.130" /><testcase classname="backend.tests.test_iteration35_enhanced_tenant_management.TestExistingTenantEndpoints" name="test_deactivate_and_reactivate_flow" time="0.801" /><testcase classname="backend.tests.test_iteration35_enhanced_tenant_management.TestIntegration" name="test_full_tenant_lifecycle" time="0.793" /></testsuite></testsuites>