<?xml version="1.0" encoding="utf-8"?><testsuites name="pytest tests"><testsuite name="pytest" errors="0" failures="0" skipped="0" tests="13" time="7.252" timestamp="2026-04-09T08:43:10.458568+00:00" hostname="agent-env-d3651e8f-2674-470e-ab50-7357c70d209b"><testcase classname="backend.tests.test_iteration45_paid_posts_blur.TestTenantAdminLogin" name="test_tenant_admin_login_success" time="0.350" /><testcase classname="backend.tests.test_iteration45_paid_posts_blur.TestTenantAdminLogin" name="test_super_admin_login_success" time="0.400" /><testcase classname="backend.tests.test_iteration45_paid_posts_blur.TestPaidPostsAPI" name="test_get_paid_posts_endpoint_exists" time="0.452" /><testcase classname="backend.tests.test_iteration45_paid_posts_blur.TestPaidPostsAPI" name="test_paid_posts_have_blur_level_field" time="0.482" /><testcase classname="backend.tests.test_iteration45_paid_posts_blur.TestPaidPostsAPI" name="test_paid_posts_have_media_count_field" time="0.443" /><testcase classname="backend.tests.test_iteration45_paid_posts_blur.TestPaidPostsAPI" name="test_paid_posts_have_file_ids_field" time="0.425" /><testcase classname="backend.tests.test_iteration45_paid_posts_blur.TestPaidPostUpdateAPI" name="test_update_paid_post_with_blur_level" time="0.638" /><testcase classname="backend.tests.test_iteration45_paid_posts_blur.TestReblurEndpoint" name="test_reblur_endpoint_exists" time="0.447" /><testcase classname="backend.tests.test_iteration45_paid_posts_blur.TestReblurEndpoint" name="test_reblur_with_valid_post" time="2.840" /><testcase classname="backend.tests.test_iteration45_paid_posts_blur.TestBlurLevelValidation" name="test_blur_level_clamped_to_valid_range" time="0.707" /><testcase classname="backend.tests.test_iteration45_paid_posts_blur.TestChannelPostsBlurParsing" name="test_blur_parsing_code_exists" time="0.000" /><testcase classname="backend.tests.test_iteration45_paid_posts_blur.TestChannelPostsBlurParsing" name="test_media_group_handling_code_exists" time="0.000" /><testcase classname="backend.tests.test_iteration45_paid_posts_blur.TestPaymentServiceBlur" name="test_blur_function_accepts_blur_radius" time="0.000" /></testsuite></testsuites>