<?xml version="1.0" encoding="utf-8"?><testsuites name="pytest tests"><testsuite name="pytest" errors="6" failures="7" skipped="0" tests="35" time="11.319" timestamp="2026-04-02T11:54:26.434272+00:00" hostname="agent-env-d3651e8f-2674-470e-ab50-7357c70d209b"><testcase classname="backend.tests.test_iteration30_tenant_isolation.TestNewTenantIsolation" name="test_creators_returns_empty" time="0.562" /><testcase classname="backend.tests.test_iteration30_tenant_isolation.TestNewTenantIsolation" name="test_telegram_admins_returns_empty" time="0.428" /><testcase classname="backend.tests.test_iteration30_tenant_isolation.TestNewTenantIsolation" name="test_live_sessions_returns_empty" time="0.437" /><testcase classname="backend.tests.test_iteration30_tenant_isolation.TestNewTenantIsolation" name="test_paid_posts_returns_empty" time="0.424" /><testcase classname="backend.tests.test_iteration30_tenant_isolation.TestNewTenantIsolation" name="test_superchats_returns_empty" time="0.446" /><testcase classname="backend.tests.test_iteration30_tenant_isolation.TestNewTenantIsolation" name="test_live_tickets_returns_empty" time="0.434" /><testcase classname="backend.tests.test_iteration30_tenant_isolation.TestNewTenantIsolation" name="test_coupons_returns_empty" time="0.426" /><testcase classname="backend.tests.test_iteration30_tenant_isolation.TestNewTenantIsolation" name="test_faqs_returns_empty" time="0.428" /><testcase classname="backend.tests.test_iteration30_tenant_isolation.TestNewTenantIsolation" name="test_video_calls_returns_empty" time="0.434" /><testcase classname="backend.tests.test_iteration30_tenant_isolation.TestNewTenantIsolation" name="test_broadcasts_returns_empty" time="0.426" /><testcase classname="backend.tests.test_iteration30_tenant_isolation.TestNewTenantIsolation" name="test_templates_returns_empty" time="0.444" /><testcase classname="backend.tests.test_iteration30_tenant_isolation.TestNewTenantIsolation" name="test_chat_groups_returns_empty" time="0.466" /><testcase classname="backend.tests.test_iteration30_tenant_isolation.TestNewTenantIsolation" name="test_channels_returns_empty" time="0.439" /><testcase classname="backend.tests.test_iteration30_tenant_isolation.TestNewTenantIsolation" name="test_bot_activity_returns_empty" time="0.420" /><testcase classname="backend.tests.test_iteration30_tenant_isolation.TestNewTenantIsolation" name="test_blocked_users_returns_empty" time="0.432" /><testcase classname="backend.tests.test_iteration30_tenant_isolation.TestNewTenantIsolation" name="test_tags_returns_empty" time="0.423" /><testcase classname="backend.tests.test_iteration30_tenant_isolation.TestNewTenantIsolation" name="test_unlock_requests_returns_empty" time="0.443" /><testcase classname="backend.tests.test_iteration30_tenant_isolation.TestNewTenantIsolation" name="test_referrals_returns_empty" time="0.785" /><testcase classname="backend.tests.test_iteration30_tenant_isolation.TestOriginalTenantData" name="test_creators_has_data" time="0.436" /><testcase classname="backend.tests.test_iteration30_tenant_isolation.TestOriginalTenantData" name="test_chat_groups_has_data" time="0.425" /><testcase classname="backend.tests.test_iteration30_tenant_isolation.TestOriginalTenantData" name="test_paid_posts_has_data" time="0.101"><error message="failed on setup with &quot;AssertionError: Failed to login as anamika@test.com&#10;assert ''&#10; +  where '' = &lt;test_iteration30_tenant_isolation.TestOriginalTenantData object at 0xfe53d4070d10&gt;.token&quot;">backend/tests/test_iteration30_tenant_isolation.py:219: in setup
    assert self.token, f"Failed to login as {TENANT_ADMIN_EMAIL}"
E   AssertionError: Failed to login as anamika@test.com
E   assert ''
E    +  where '' = &lt;test_iteration30_tenant_isolation.TestOriginalTenantData object at 0xfe53d4070d10&gt;.token</error></testcase><testcase classname="backend.tests.test_iteration30_tenant_isolation.TestOriginalTenantData" name="test_live_sessions_has_data" time="0.104"><error message="failed on setup with &quot;AssertionError: Failed to login as anamika@test.com&#10;assert ''&#10; +  where '' = &lt;test_iteration30_tenant_isolation.TestOriginalTenantData object at 0xfe53d4071550&gt;.token&quot;">backend/tests/test_iteration30_tenant_isolation.py:219: in setup
    assert self.token, f"Failed to login as {TENANT_ADMIN_EMAIL}"
E   AssertionError: Failed to login as anamika@test.com
E   assert ''
E    +  where '' = &lt;test_iteration30_tenant_isolation.TestOriginalTenantData object at 0xfe53d4071550&gt;.token</error></testcase><testcase classname="backend.tests.test_iteration30_tenant_isolation.TestOriginalTenantData" name="test_bot_activity_has_data" time="0.096"><error message="failed on setup with &quot;AssertionError: Failed to login as anamika@test.com&#10;assert ''&#10; +  where '' = &lt;test_iteration30_tenant_isolation.TestOriginalTenantData object at 0xfe53d40719d0&gt;.token&quot;">backend/tests/test_iteration30_tenant_isolation.py:219: in setup
    assert self.token, f"Failed to login as {TENANT_ADMIN_EMAIL}"
E   AssertionError: Failed to login as anamika@test.com
E   assert ''
E    +  where '' = &lt;test_iteration30_tenant_isolation.TestOriginalTenantData object at 0xfe53d40719d0&gt;.token</error></testcase><testcase classname="backend.tests.test_iteration30_tenant_isolation.TestOriginalTenantData" name="test_telegram_admins_has_data" time="0.116"><error message="failed on setup with &quot;AssertionError: Failed to login as anamika@test.com&#10;assert ''&#10; +  where '' = &lt;test_iteration30_tenant_isolation.TestOriginalTenantData object at 0xfe53d4072310&gt;.token&quot;">backend/tests/test_iteration30_tenant_isolation.py:219: in setup
    assert self.token, f"Failed to login as {TENANT_ADMIN_EMAIL}"
E   AssertionError: Failed to login as anamika@test.com
E   assert ''
E    +  where '' = &lt;test_iteration30_tenant_isolation.TestOriginalTenantData object at 0xfe53d4072310&gt;.token</error></testcase><testcase classname="backend.tests.test_iteration30_tenant_isolation.TestSuperAdminAccess" name="test_admin_stats_returns_platform_data" time="0.111"><error message="failed on setup with &quot;AssertionError: Failed to login as gamerxboys8958@gmail.com&#10;assert ''&#10; +  where '' = &lt;test_iteration30_tenant_isolation.TestSuperAdminAccess object at 0xfe53d435d790&gt;.token&quot;">backend/tests/test_iteration30_tenant_isolation.py:283: in setup
    assert self.token, f"Failed to login as {SUPER_ADMIN_EMAIL}"
E   AssertionError: Failed to login as gamerxboys8958@gmail.com
E   assert ''
E    +  where '' = &lt;test_iteration30_tenant_isolation.TestSuperAdminAccess object at 0xfe53d435d790&gt;.token</error></testcase><testcase classname="backend.tests.test_iteration30_tenant_isolation.TestSuperAdminAccess" name="test_miniapp_users_accessible_by_super_admin" time="0.096"><error message="failed on setup with &quot;AssertionError: Failed to login as gamerxboys8958@gmail.com&#10;assert ''&#10; +  where '' = &lt;test_iteration30_tenant_isolation.TestSuperAdminAccess object at 0xfe53d4071690&gt;.token&quot;">backend/tests/test_iteration30_tenant_isolation.py:283: in setup
    assert self.token, f"Failed to login as {SUPER_ADMIN_EMAIL}"
E   AssertionError: Failed to login as gamerxboys8958@gmail.com
E   assert ''
E    +  where '' = &lt;test_iteration30_tenant_isolation.TestSuperAdminAccess object at 0xfe53d4071690&gt;.token</error></testcase><testcase classname="backend.tests.test_iteration30_tenant_isolation.TestMiniAppUsersRestriction" name="test_miniapp_users_forbidden_for_new_tenant" time="0.305" /><testcase classname="backend.tests.test_iteration30_tenant_isolation.TestMiniAppUsersRestriction" name="test_miniapp_users_forbidden_for_tenant_admin" time="0.325" /><testcase classname="backend.tests.test_iteration30_tenant_isolation.TestSettingsIsolation" name="test_settings_returns_empty_defaults_for_new_tenant" time="0.091"><failure message="AssertionError: Failed to login as newtest_leak@example.com&#10;assert ''">backend/tests/test_iteration30_tenant_isolation.py:345: in test_settings_returns_empty_defaults_for_new_tenant
    assert token, f"Failed to login as {NEW_TENANT_EMAIL}"
E   AssertionError: Failed to login as newtest_leak@example.com
E   assert ''</failure></testcase><testcase classname="backend.tests.test_iteration30_tenant_isolation.TestSettingsIsolation" name="test_settings_returns_data_for_original_tenant" time="0.099"><failure message="AssertionError: Failed to login as anamika@test.com&#10;assert ''">backend/tests/test_iteration30_tenant_isolation.py:365: in test_settings_returns_data_for_original_tenant
    assert token, f"Failed to login as {TENANT_ADMIN_EMAIL}"
E   AssertionError: Failed to login as anamika@test.com
E   assert ''</failure></testcase><testcase classname="backend.tests.test_iteration30_tenant_isolation.TestScheduledBroadcastsIsolation" name="test_scheduled_broadcasts_empty_for_new_tenant" time="0.115"><failure message="AssertionError: assert ''">backend/tests/test_iteration30_tenant_isolation.py:383: in test_scheduled_broadcasts_empty_for_new_tenant
    assert token
E   AssertionError: assert ''</failure></testcase><testcase classname="backend.tests.test_iteration30_tenant_isolation.TestPlansIsolation" name="test_plans_empty_for_new_tenant" time="0.102"><failure message="AssertionError: assert ''">backend/tests/test_iteration30_tenant_isolation.py:400: in test_plans_empty_for_new_tenant
    assert token
E   AssertionError: assert ''</failure></testcase><testcase classname="backend.tests.test_iteration30_tenant_isolation.TestPlansIsolation" name="test_plans_has_data_for_original_tenant" time="0.101"><failure message="AssertionError: assert ''">backend/tests/test_iteration30_tenant_isolation.py:413: in test_plans_has_data_for_original_tenant
    assert token
E   AssertionError: assert ''</failure></testcase><testcase classname="backend.tests.test_iteration30_tenant_isolation.TestSubscribersIsolation" name="test_subscribers_empty_for_new_tenant" time="0.098"><failure message="AssertionError: assert ''">backend/tests/test_iteration30_tenant_isolation.py:430: in test_subscribers_empty_for_new_tenant
    assert token
E   AssertionError: assert ''</failure></testcase><testcase classname="backend.tests.test_iteration30_tenant_isolation.TestPaymentsIsolation" name="test_payments_empty_for_new_tenant" time="0.097"><failure message="AssertionError: assert ''">backend/tests/test_iteration30_tenant_isolation.py:451: in test_payments_empty_for_new_tenant
    assert token
E   AssertionError: assert ''</failure></testcase></testsuite></testsuites>