<?xml version="1.0" encoding="utf-8"?><testsuites name="pytest tests"><testsuite name="pytest" errors="0" failures="0" skipped="0" tests="16" time="7.455" timestamp="2026-04-07T11:51:23.743001+00:00" hostname="agent-env-d3651e8f-2674-470e-ab50-7357c70d209b"><testcase classname="tests.test_iteration36_phase1_security.TestSuperAdminAuth" name="test_super_admin_login_success" time="0.418" /><testcase classname="tests.test_iteration36_phase1_security.TestSuperAdminAuth" name="test_super_admin_jwt_contains_role_and_tenant_id" time="0.354" /><testcase classname="tests.test_iteration36_phase1_security.TestSuperAdminAuth" name="test_super_admin_check_admin_endpoint" time="0.419" /><testcase classname="tests.test_iteration36_phase1_security.TestSuperAdminAuth" name="test_super_admin_me_endpoint" time="0.439" /><testcase classname="tests.test_iteration36_phase1_security.TestTenantAdminAuth" name="test_tenant_admin_login_success" time="0.341" /><testcase classname="tests.test_iteration36_phase1_security.TestTenantAdminAuth" name="test_tenant_admin_jwt_contains_role_and_tenant_id" time="0.338" /><testcase classname="tests.test_iteration36_phase1_security.TestTenantAdminAuth" name="test_tenant_admin_cannot_access_super_admin_endpoints" time="0.921" /><testcase classname="tests.test_iteration36_phase1_security.TestSuperAdminDashboardEndpoints" name="test_admin_stats_endpoint" time="0.438" /><testcase classname="tests.test_iteration36_phase1_security.TestSuperAdminDashboardEndpoints" name="test_saas_tenants_endpoint" time="0.479" /><testcase classname="tests.test_iteration36_phase1_security.TestSuperAdminDashboardEndpoints" name="test_tenant_users_endpoint" time="0.437" /><testcase classname="tests.test_iteration36_phase1_security.TestSuperAdminDashboardEndpoints" name="test_dashboard_subscription_requests_endpoint" time="0.457" /><testcase classname="tests.test_iteration36_phase1_security.TestRequestContextMiddleware" name="test_x_request_id_header_present" time="0.487" /><testcase classname="tests.test_iteration36_phase1_security.TestRequestContextMiddleware" name="test_x_request_id_unique_per_request" time="0.641" /><testcase classname="tests.test_iteration36_phase1_security.TestRoleBasedAuthNoEmailBypass" name="test_permissions_role_based_only" time="0.333" /><testcase classname="tests.test_iteration36_phase1_security.TestTenantAdminDashboardAccess" name="test_tenant_admin_can_access_own_dashboard" time="0.434" /><testcase classname="tests.test_iteration36_phase1_security.TestTenantAdminDashboardAccess" name="test_tenant_admin_can_access_check_admin" time="0.440" /></testsuite></testsuites>