<?xml version="1.0" encoding="utf-8"?><testsuites name="pytest tests"><testsuite name="pytest" errors="0" failures="0" skipped="0" tests="11" time="5.158" timestamp="2026-03-31T11:41:51.405030+00:00" hostname="agent-env-0e2ad9b6-34fb-40d6-bcaa-881d9cdddc29"><testcase classname="tests.test_iteration10_miniapp.TestMiniAppUPIDetails" name="test_upi_details_returns_correct_upi_id" time="0.150" /><testcase classname="tests.test_iteration10_miniapp.TestMiniAppUPIDetails" name="test_upi_details_returns_qr_code_url" time="0.141" /><testcase classname="tests.test_iteration10_miniapp.TestMiniAppUPIDetails" name="test_qr_code_file_is_accessible" time="0.240" /><testcase classname="tests.test_iteration10_miniapp.TestMiniAppUPIDetails" name="test_qr_code_is_auto_generated_from_upi_id" time="0.131" /><testcase classname="tests.test_iteration10_miniapp.TestMiniAppPlans" name="test_get_plans_returns_list" time="0.111" /><testcase classname="tests.test_iteration10_miniapp.TestMiniAppPlans" name="test_plans_have_required_fields" time="0.119" /><testcase classname="tests.test_iteration10_miniapp.TestMiniAppPhoneLogin" name="test_phone_login_with_valid_phone" time="0.121" /><testcase classname="tests.test_iteration10_miniapp.TestMiniAppPhoneLogin" name="test_phone_login_with_invalid_phone" time="0.104" /><testcase classname="tests.test_iteration10_miniapp.TestMiniAppCoupon" name="test_apply_invalid_coupon" time="0.096" /><testcase classname="tests.test_iteration10_miniapp.TestMiniAppNotifications" name="test_get_notifications" time="0.103" /><testcase classname="tests.test_iteration10_miniapp.TestMiniAppSupportChat" name="test_support_chat_responds" time="3.779" /></testsuite></testsuites>