<?xml version="1.0" encoding="utf-8"?><testsuites name="pytest tests"><testsuite name="pytest" errors="0" failures="0" skipped="0" tests="8" time="5.847" timestamp="2026-03-31T10:23:55.900893+00:00" hostname="agent-env-0e2ad9b6-34fb-40d6-bcaa-881d9cdddc29"><testcase classname="tests.test_iteration9_miniapp.TestMiniAppUPIDetails" name="test_upi_details_returns_qr_code_url" time="0.191" /><testcase classname="tests.test_iteration9_miniapp.TestMiniAppPhoneLogin" name="test_phone_login_success" time="0.110" /><testcase classname="tests.test_iteration9_miniapp.TestMiniAppPhoneLogin" name="test_phone_login_invalid_phone" time="0.102" /><testcase classname="tests.test_iteration9_miniapp.TestMiniAppPhoneLogin" name="test_user_discount_check" time="0.103" /><testcase classname="tests.test_iteration9_miniapp.TestMiniAppPlans" name="test_get_plans" time="0.103" /><testcase classname="tests.test_iteration9_miniapp.TestChatGroups" name="test_chat_groups_have_proper_names" time="0.476" /><testcase classname="tests.test_iteration9_miniapp.TestMiniAppSupportChat" name="test_support_chat" time="4.578" /><testcase classname="tests.test_iteration9_miniapp.TestMiniAppNotifications" name="test_get_notifications" time="0.123" /></testsuite></testsuites>