<?xml version="1.0" encoding="utf-8"?><testsuites name="pytest tests"><testsuite name="pytest" errors="0" failures="0" skipped="0" tests="28" time="6.022" timestamp="2026-04-02T15:09:33.547477+00:00" hostname="agent-env-d3651e8f-2674-470e-ab50-7357c70d209b"><testcase classname="tests.test_iteration33_miniapp_new_features.TestSetup" name="test_login_tenant_admin" time="0.369" /><testcase classname="tests.test_iteration33_miniapp_new_features.TestVideoCallBooking" name="test_book_video_call_success" time="0.612" /><testcase classname="tests.test_iteration33_miniapp_new_features.TestVideoCallBooking" name="test_book_video_call_missing_fields" time="0.111" /><testcase classname="tests.test_iteration33_miniapp_new_features.TestVideoCallBooking" name="test_book_video_call_invalid_plan" time="0.129" /><testcase classname="tests.test_iteration33_miniapp_new_features.TestVideoCallBooking" name="test_get_my_bookings" time="0.113" /><testcase classname="tests.test_iteration33_miniapp_new_features.TestVideoCallBooking" name="test_get_my_bookings_empty_user" time="0.106" /><testcase classname="tests.test_iteration33_miniapp_new_features.TestDashboardVideoBookings" name="test_get_video_bookings_authenticated" time="0.449" /><testcase classname="tests.test_iteration33_miniapp_new_features.TestDashboardVideoBookings" name="test_get_video_bookings_unauthenticated" time="0.108" /><testcase classname="tests.test_iteration33_miniapp_new_features.TestDashboardVideoBookings" name="test_booking_action_schedule" time="0.231" /><testcase classname="tests.test_iteration33_miniapp_new_features.TestDashboardVideoBookings" name="test_booking_action_invalid" time="0.111" /><testcase classname="tests.test_iteration33_miniapp_new_features.TestPrivateMessaging" name="test_send_message_success" time="0.145" /><testcase classname="tests.test_iteration33_miniapp_new_features.TestPrivateMessaging" name="test_send_message_missing_fields" time="0.118" /><testcase classname="tests.test_iteration33_miniapp_new_features.TestPrivateMessaging" name="test_get_chat_history" time="0.107" /><testcase classname="tests.test_iteration33_miniapp_new_features.TestPrivateMessaging" name="test_get_chat_history_empty_user" time="0.114" /><testcase classname="tests.test_iteration33_miniapp_new_features.TestDashboardChatManagement" name="test_get_chats_authenticated" time="0.439" /><testcase classname="tests.test_iteration33_miniapp_new_features.TestDashboardChatManagement" name="test_get_chats_unauthenticated" time="0.121" /><testcase classname="tests.test_iteration33_miniapp_new_features.TestDashboardChatManagement" name="test_chat_reply" time="0.347" /><testcase classname="tests.test_iteration33_miniapp_new_features.TestDashboardChatManagement" name="test_chat_reply_missing_fields" time="0.131" /><testcase classname="tests.test_iteration33_miniapp_new_features.TestDashboardChatManagement" name="test_get_chat_messages_for_user" time="0.114" /><testcase classname="tests.test_iteration33_miniapp_new_features.TestLiveStream" name="test_start_live_stream" time="0.477" /><testcase classname="tests.test_iteration33_miniapp_new_features.TestLiveStream" name="test_get_live_streams" time="0.109" /><testcase classname="tests.test_iteration33_miniapp_new_features.TestLiveStream" name="test_get_live_streams_unauthenticated" time="0.108" /><testcase classname="tests.test_iteration33_miniapp_new_features.TestLiveStream" name="test_get_active_live" time="0.141" /><testcase classname="tests.test_iteration33_miniapp_new_features.TestLiveStream" name="test_end_live_stream" time="0.216" /><testcase classname="tests.test_iteration33_miniapp_new_features.TestWebSocketEndpoints" name="test_websocket_call_endpoint_exists" time="0.209" /><testcase classname="tests.test_iteration33_miniapp_new_features.TestDataIsolation" name="test_bookings_isolated_by_tenant" time="0.453" /><testcase classname="tests.test_iteration33_miniapp_new_features.TestDataIsolation" name="test_chats_isolated_by_tenant" time="0.130" /><testcase classname="tests.test_iteration33_miniapp_new_features.TestDataIsolation" name="test_live_streams_isolated_by_tenant" time="0.100" /></testsuite></testsuites>