<?xml version="1.0" encoding="utf-8"?><testsuites name="pytest tests"><testsuite name="pytest" errors="0" failures="0" skipped="0" tests="14" time="3.384" timestamp="2026-04-01T07:40:47.382659+00:00" hostname="agent-env-d3651e8f-2674-470e-ab50-7357c70d209b"><testcase classname="backend.tests.test_iteration25_pricing_free_trial.TestPublicSubscriptionPlans" name="test_public_plans_returns_200" time="0.225" /><testcase classname="backend.tests.test_iteration25_pricing_free_trial.TestPublicSubscriptionPlans" name="test_public_plans_returns_list" time="0.105" /><testcase classname="backend.tests.test_iteration25_pricing_free_trial.TestPublicSubscriptionPlans" name="test_public_plans_contains_free_plan" time="0.112" /><testcase classname="backend.tests.test_iteration25_pricing_free_trial.TestPublicSubscriptionPlans" name="test_public_plans_contains_paid_plan" time="0.115" /><testcase classname="backend.tests.test_iteration25_pricing_free_trial.TestPublicSubscriptionPlans" name="test_public_plans_has_popular_flag" time="0.104" /><testcase classname="backend.tests.test_iteration25_pricing_free_trial.TestPublicSubscriptionPlans" name="test_public_plans_structure" time="0.098" /><testcase classname="backend.tests.test_iteration25_pricing_free_trial.TestFreeTrialActivation" name="test_activate_free_requires_auth" time="0.101" /><testcase classname="backend.tests.test_iteration25_pricing_free_trial.TestFreeTrialActivation" name="test_activate_free_success" time="0.455" /><testcase classname="backend.tests.test_iteration25_pricing_free_trial.TestFreeTrialActivation" name="test_activate_free_sets_correct_fields" time="0.753" /><testcase classname="backend.tests.test_iteration25_pricing_free_trial.TestFreeTrialActivation" name="test_activate_free_duplicate_prevention" time="0.524" /><testcase classname="backend.tests.test_iteration25_pricing_free_trial.TestExistingUserWithActiveSubscription" name="test_active_user_cannot_activate_free" time="0.421" /><testcase classname="backend.tests.test_iteration25_pricing_free_trial.TestPlanDataIntegrity" name="test_plans_sorted_by_price" time="0.094" /><testcase classname="backend.tests.test_iteration25_pricing_free_trial.TestPlanDataIntegrity" name="test_free_plan_has_17_days" time="0.087" /><testcase classname="backend.tests.test_iteration25_pricing_free_trial.TestPlanDataIntegrity" name="test_lifetime_plan_has_75000_price" time="0.119" /></testsuite></testsuites>