<?xml version="1.0" encoding="utf-8"?><testsuites name="pytest tests"><testsuite name="pytest" errors="0" failures="1" skipped="0" tests="17" time="4.326" timestamp="2026-04-02T08:25:25.758106+00:00" hostname="agent-env-d3651e8f-2674-470e-ab50-7357c70d209b"><testcase classname="backend.tests.test_iteration26_team_subscription.TestSuperAdminLogin" name="test_super_admin_login_success" time="0.473" /><testcase classname="backend.tests.test_iteration26_team_subscription.TestSuperAdminLogin" name="test_super_admin_can_access_admin_stats" time="0.432" /><testcase classname="backend.tests.test_iteration26_team_subscription.TestTenantAdminLogin" name="test_tenant_admin_login_success" time="0.318" /><testcase classname="backend.tests.test_iteration26_team_subscription.TestTenantAdminLogin" name="test_tenant_admin_can_access_dashboard" time="0.423"><failure message="AssertionError: Dashboard stats failed: {&quot;detail&quot;:&quot;Not Found&quot;}&#10;assert 404 == 200&#10; +  where 404 = &lt;Response [404]&gt;.status_code">backend/tests/test_iteration26_team_subscription.py:113: in test_tenant_admin_can_access_dashboard
    assert response.status_code == 200, f"Dashboard stats failed: {response.text}"
E   AssertionError: Dashboard stats failed: {"detail":"Not Found"}
E   assert 404 == 200
E    +  where 404 = &lt;Response [404]&gt;.status_code</failure></testcase><testcase classname="backend.tests.test_iteration26_team_subscription.TestLocalFileUpload" name="test_upload_image_returns_local_url" time="0.098" /><testcase classname="backend.tests.test_iteration26_team_subscription.TestLocalFileUpload" name="test_upload_qr_code_returns_local_url" time="0.100" /><testcase classname="backend.tests.test_iteration26_team_subscription.TestTenantTeamManagement" name="test_get_team_members" time="0.101" /><testcase classname="backend.tests.test_iteration26_team_subscription.TestTenantTeamManagement" name="test_create_team_member" time="0.322" /><testcase classname="backend.tests.test_iteration26_team_subscription.TestTenantTeamManagement" name="test_new_team_member_can_login" time="0.320" /><testcase classname="backend.tests.test_iteration26_team_subscription.TestTenantTeamManagement" name="test_reset_team_member_password" time="0.663" /><testcase classname="backend.tests.test_iteration26_team_subscription.TestTenantTeamManagement" name="test_delete_team_member" time="0.234" /><testcase classname="backend.tests.test_iteration26_team_subscription.TestTenantTeamManagement" name="test_cannot_delete_self" time="0.230" /><testcase classname="backend.tests.test_iteration26_team_subscription.TestTenantLevelSubscription" name="test_assign_subscription_to_tenant" time="0.097" /><testcase classname="backend.tests.test_iteration26_team_subscription.TestTenantLevelSubscription" name="test_tenant_admins_have_subscription_after_assignment" time="0.107" /><testcase classname="backend.tests.test_iteration26_team_subscription.TestTeamEndpointAuthorization" name="test_team_endpoint_requires_auth" time="0.097" /><testcase classname="backend.tests.test_iteration26_team_subscription.TestTeamEndpointAuthorization" name="test_super_admin_cannot_access_tenant_team" time="0.105" /><testcase classname="backend.tests.test_iteration26_team_subscription.TestLoginPageDefault" name="test_login_endpoint_works" time="0.112" /></testsuite></testsuites>