<?xml version="1.0" encoding="utf-8"?><testsuites name="pytest tests"><testsuite name="pytest" errors="0" failures="0" skipped="0" tests="14" time="5.920" timestamp="2026-04-09T08:01:17.952836+00:00" hostname="agent-env-d3651e8f-2674-470e-ab50-7357c70d209b"><testcase classname="tests.test_iteration44_qr_payment_buttons.TestAuthenticationAPIs" name="test_super_admin_login" time="0.503" /><testcase classname="tests.test_iteration44_qr_payment_buttons.TestAuthenticationAPIs" name="test_tenant_admin_login" time="0.323" /><testcase classname="tests.test_iteration44_qr_payment_buttons.TestPlansAPI" name="test_plans_api_returns_plans" time="0.492" /><testcase classname="tests.test_iteration44_qr_payment_buttons.TestSettingsAPI" name="test_settings_has_qr_code_url" time="0.419" /><testcase classname="tests.test_iteration44_qr_payment_buttons.TestSettingsAPI" name="test_settings_has_payment_upi_id" time="0.476" /><testcase classname="tests.test_iteration44_qr_payment_buttons.TestWebhookHandlerImports" name="test_callbacks_handler_imports" time="0.444" /><testcase classname="tests.test_iteration44_qr_payment_buttons.TestWebhookHandlerImports" name="test_messages_handler_imports" time="1.410" /><testcase classname="tests.test_iteration44_qr_payment_buttons.TestWebhookHandlerImports" name="test_telegram_webhook_router_imports" time="0.132" /><testcase classname="tests.test_iteration44_qr_payment_buttons.TestQRButtonLogicInCode" name="test_qr_handler_in_callbacks" time="0.000" /><testcase classname="tests.test_iteration44_qr_payment_buttons.TestQRButtonLogicInCode" name="test_qr_button_in_messages" time="0.001" /><testcase classname="tests.test_iteration44_qr_payment_buttons.TestQRButtonLogicInCode" name="test_qr_code_url_used_in_callbacks" time="0.000" /><testcase classname="tests.test_iteration44_qr_payment_buttons.TestBotSettingsEndpoint" name="test_get_bot_settings_function" time="0.004" /><testcase classname="tests.test_iteration44_qr_payment_buttons.TestTelegramWebhookEndpoint" name="test_webhook_endpoint_exists" time="0.105" /><testcase classname="tests.test_iteration44_qr_payment_buttons.TestTelegramWebhookEndpoint" name="test_webhook_handles_callback_query" time="1.542" /></testsuite></testsuites>