<?xml version="1.0" encoding="utf-8"?><testsuites name="pytest tests"><testsuite name="pytest" errors="0" failures="0" skipped="0" tests="14" time="2.552" timestamp="2026-04-02T09:45:38.582312+00:00" hostname="agent-env-d3651e8f-2674-470e-ab50-7357c70d209b"><testcase classname="backend.tests.test_iteration28_pagination.TestPaymentsPagination" name="test_payments_page1_returns_paginated_response" time="0.494" /><testcase classname="backend.tests.test_iteration28_pagination.TestPaymentsPagination" name="test_payments_page2_returns_different_records" time="0.211" /><testcase classname="backend.tests.test_iteration28_pagination.TestPaymentsPagination" name="test_payments_stats_accuracy" time="0.099" /><testcase classname="backend.tests.test_iteration28_pagination.TestPaymentsPagination" name="test_payments_status_filter_with_stats" time="0.102" /><testcase classname="backend.tests.test_iteration28_pagination.TestPaymentsPagination" name="test_payments_search_with_pagination" time="0.215" /><testcase classname="backend.tests.test_iteration28_pagination.TestSubscribersPagination" name="test_subscribers_page1_returns_paginated_response" time="0.103" /><testcase classname="backend.tests.test_iteration28_pagination.TestSubscribersPagination" name="test_subscribers_page2_returns_different_records" time="0.226" /><testcase classname="backend.tests.test_iteration28_pagination.TestSubscribersPagination" name="test_subscribers_stats_accuracy" time="0.112" /><testcase classname="backend.tests.test_iteration28_pagination.TestSubscribersPagination" name="test_subscribers_status_filter" time="0.106" /><testcase classname="backend.tests.test_iteration28_pagination.TestAnalytics" name="test_analytics_returns_proper_data" time="0.111" /><testcase classname="backend.tests.test_iteration28_pagination.TestAnalytics" name="test_analytics_revenue_consistency" time="0.223" /><testcase classname="backend.tests.test_iteration28_pagination.TestPaginationEdgeCases" name="test_payments_invalid_page_defaults_to_1" time="0.138" /><testcase classname="backend.tests.test_iteration28_pagination.TestPaginationEdgeCases" name="test_payments_large_limit_capped" time="0.123" /><testcase classname="backend.tests.test_iteration28_pagination.TestPaginationEdgeCases" name="test_payments_empty_search_returns_all" time="0.205" /></testsuite></testsuites>