<?xml version="1.0" encoding="utf-8"?><testsuites name="pytest tests"><testsuite name="pytest" errors="0" failures="0" skipped="0" tests="18" time="3.707" timestamp="2026-04-07T12:21:27.412115+00:00" hostname="agent-env-d3651e8f-2674-470e-ab50-7357c70d209b"><testcase classname="backend.tests.test_iteration38_repository_migration.TestSuperAdminAuth" name="test_super_admin_login" time="0.457" /><testcase classname="backend.tests.test_iteration38_repository_migration.TestSuperAdminAuth" name="test_super_admin_check_admin" time="0.453" /><testcase classname="backend.tests.test_iteration38_repository_migration.TestTenantAdminAuth" name="test_tenant_admin_login" time="0.330" /><testcase classname="backend.tests.test_iteration38_repository_migration.TestTenantAdminAuth" name="test_tenant_admin_check_admin" time="0.428" /><testcase classname="backend.tests.test_iteration38_repository_migration.TestPlansAPI" name="test_super_admin_get_plans" time="0.114" /><testcase classname="backend.tests.test_iteration38_repository_migration.TestPlansAPI" name="test_tenant_admin_get_plans" time="0.439" /><testcase classname="backend.tests.test_iteration38_repository_migration.TestSubscribersAPI" name="test_super_admin_get_subscribers" time="0.103" /><testcase classname="backend.tests.test_iteration38_repository_migration.TestSubscribersAPI" name="test_tenant_admin_get_subscribers" time="0.108" /><testcase classname="backend.tests.test_iteration38_repository_migration.TestPaymentsAPI" name="test_super_admin_get_payments" time="0.103" /><testcase classname="backend.tests.test_iteration38_repository_migration.TestPaymentsAPI" name="test_tenant_admin_get_payments" time="0.116" /><testcase classname="backend.tests.test_iteration38_repository_migration.TestNoDefaultTenant" name="test_no_default_tenant_in_tenants" time="0.121" /><testcase classname="backend.tests.test_iteration38_repository_migration.TestImpersonationAPI" name="test_impersonate_tenant" time="0.122" /><testcase classname="backend.tests.test_iteration38_repository_migration.TestImpersonationAPI" name="test_impersonate_nonexistent_tenant" time="0.100" /><testcase classname="backend.tests.test_iteration38_repository_migration.TestImpersonationAPI" name="test_tenant_admin_cannot_impersonate" time="0.100" /><testcase classname="backend.tests.test_iteration38_repository_migration.TestXRequestIDHeader" name="test_x_request_id_present" time="0.109" /><testcase classname="backend.tests.test_iteration38_repository_migration.TestXRequestIDHeader" name="test_x_request_id_unique" time="0.209" /><testcase classname="backend.tests.test_iteration38_repository_migration.TestRiskAlertsAPI" name="test_super_admin_get_risk_alerts" time="0.113" /><testcase classname="backend.tests.test_iteration38_repository_migration.TestRiskAlertsAPI" name="test_tenant_admin_cannot_access_risk_alerts" time="0.101" /></testsuite></testsuites>