<?xml version="1.0" encoding="utf-8"?><testsuites name="pytest tests"><testsuite name="pytest" errors="0" failures="1" skipped="0" tests="16" time="2.617" timestamp="2026-04-02T12:45:05.961354+00:00" hostname="agent-env-d3651e8f-2674-470e-ab50-7357c70d209b"><testcase classname="backend.tests.test_iteration32_miniapp_tenant_resolution.TestMiniAppTenantResolution" name="test_resolve_tenant_returns_real_tenant" time="0.287" /><testcase classname="backend.tests.test_iteration32_miniapp_tenant_resolution.TestMiniAppTenantResolution" name="test_resolve_tenant_with_different_user_id" time="0.109" /><testcase classname="backend.tests.test_iteration32_miniapp_tenant_resolution.TestMiniAppPlansWithTenant" name="test_plans_with_tenant_id_returns_plans" time="0.104" /><testcase classname="backend.tests.test_iteration32_miniapp_tenant_resolution.TestMiniAppPlansWithTenant" name="test_plans_without_tenant_id_returns_default_plans" time="0.101" /><testcase classname="backend.tests.test_iteration32_miniapp_tenant_resolution.TestMiniAppPlansWithTenant" name="test_plans_with_invalid_tenant_returns_empty" time="0.106" /><testcase classname="backend.tests.test_iteration32_miniapp_tenant_resolution.TestMiniAppUPIDetails" name="test_upi_details_with_tenant_id" time="0.146" /><testcase classname="backend.tests.test_iteration32_miniapp_tenant_resolution.TestMiniAppUPIDetails" name="test_upi_details_without_tenant_id" time="0.150" /><testcase classname="backend.tests.test_iteration32_miniapp_tenant_resolution.TestMiniAppStatus" name="test_status_with_tenant_id" time="0.103" /><testcase classname="backend.tests.test_iteration32_miniapp_tenant_resolution.TestMiniAppStatus" name="test_status_without_tenant_id" time="0.101" /><testcase classname="backend.tests.test_iteration32_miniapp_tenant_resolution.TestMiniAppReferral" name="test_referral_with_tenant_id" time="0.110" /><testcase classname="backend.tests.test_iteration32_miniapp_tenant_resolution.TestMiniAppNotifications" name="test_notifications_with_tenant_id" time="0.147" /><testcase classname="backend.tests.test_iteration32_miniapp_tenant_resolution.TestDashboardLogin" name="test_super_admin_login" time="0.326" /><testcase classname="backend.tests.test_iteration32_miniapp_tenant_resolution.TestDashboardLogin" name="test_tenant_admin_login" time="0.322" /><testcase classname="backend.tests.test_iteration32_miniapp_tenant_resolution.TestBackendHealth" name="test_health_endpoint" time="0.099"><failure message="AssertionError: Expected 200, got 404&#10;assert 404 == 200&#10; +  where 404 = &lt;Response [404]&gt;.status_code">backend/tests/test_iteration32_miniapp_tenant_resolution.py:182: in test_health_endpoint
    assert response.status_code == 200, f"Expected 200, got {response.status_code}"
E   AssertionError: Expected 200, got 404
E   assert 404 == 200
E    +  where 404 = &lt;Response [404]&gt;.status_code</failure></testcase><testcase classname="backend.tests.test_iteration32_miniapp_tenant_resolution.TestMiniAppPayments" name="test_payments_with_tenant_id" time="0.160" /><testcase classname="backend.tests.test_iteration32_miniapp_tenant_resolution.TestMiniAppLiveSessions" name="test_live_sessions_with_tenant_id" time="0.150" /></testsuite></testsuites>