<?xml version="1.0" encoding="utf-8"?><testsuites name="pytest tests"><testsuite name="pytest" errors="0" failures="0" skipped="0" tests="21" time="6.003" timestamp="2026-03-31T16:43:52.354092+00:00" hostname="agent-env-531df6fd-4c96-4ef1-b75f-3ba08817e560"><testcase classname="backend.tests.test_iteration18_saas_management.TestSaaSManagementAuth" name="test_super_admin_login" time="0.384" /><testcase classname="backend.tests.test_iteration18_saas_management.TestSaaSManagementAuth" name="test_check_admin_status" time="0.117" /><testcase classname="backend.tests.test_iteration18_saas_management.TestBotPlansCRUD" name="test_get_bot_plans" time="0.479" /><testcase classname="backend.tests.test_iteration18_saas_management.TestBotPlansCRUD" name="test_create_bot_plan" time="0.240" /><testcase classname="backend.tests.test_iteration18_saas_management.TestBotPlansCRUD" name="test_update_bot_plan" time="0.322" /><testcase classname="backend.tests.test_iteration18_saas_management.TestBotPlansCRUD" name="test_verify_plan_update_persisted" time="0.111" /><testcase classname="backend.tests.test_iteration18_saas_management.TestBotPlansCRUD" name="test_delete_bot_plan" time="0.122" /><testcase classname="backend.tests.test_iteration18_saas_management.TestBotPlansCRUD" name="test_verify_plan_deleted" time="0.122" /><testcase classname="backend.tests.test_iteration18_saas_management.TestTenantsCRUD" name="test_get_tenants" time="0.448" /><testcase classname="backend.tests.test_iteration18_saas_management.TestTenantsCRUD" name="test_verify_kaloo_tenant_exists" time="0.136" /><testcase classname="backend.tests.test_iteration18_saas_management.TestTenantsCRUD" name="test_create_tenant" time="0.109" /><testcase classname="backend.tests.test_iteration18_saas_management.TestTenantsCRUD" name="test_update_tenant" time="0.416" /><testcase classname="backend.tests.test_iteration18_saas_management.TestTenantsCRUD" name="test_deactivate_tenant" time="0.398" /><testcase classname="backend.tests.test_iteration18_saas_management.TestTenantAdminAssignment" name="test_get_tenant_admins" time="0.566" /><testcase classname="backend.tests.test_iteration18_saas_management.TestTenantAdminAssignment" name="test_assign_admin_to_tenant" time="0.118" /><testcase classname="backend.tests.test_iteration18_saas_management.TestTenantAdminAssignment" name="test_verify_admin_assignment_persisted" time="0.107" /><testcase classname="backend.tests.test_iteration18_saas_management.TestTenantAdminAssignment" name="test_duplicate_admin_assignment_fails" time="0.114" /><testcase classname="backend.tests.test_iteration18_saas_management.TestTenantAdminAssignment" name="test_remove_admin_from_tenant" time="0.400" /><testcase classname="backend.tests.test_iteration18_saas_management.TestTenantAdminAssignment" name="test_cleanup_test_tenant" time="0.169" /><testcase classname="backend.tests.test_iteration18_saas_management.TestCleanupTestData" name="test_cleanup_test_plans" time="0.483" /><testcase classname="backend.tests.test_iteration18_saas_management.TestCleanupTestData" name="test_cleanup_test_tenants" time="0.587" /></testsuite></testsuites>