<?xml version="1.0" encoding="utf-8"?><testsuites name="pytest tests"><testsuite name="pytest" errors="0" failures="0" skipped="0" tests="12" time="3.654" timestamp="2026-04-09T09:00:06.782801+00:00" hostname="agent-env-d3651e8f-2674-470e-ab50-7357c70d209b"><testcase classname="backend.tests.test_iteration46_polls_scheduled_posts.TestAuthentication" name="test_tenant_admin_login" time="0.467" /><testcase classname="backend.tests.test_iteration46_polls_scheduled_posts.TestPollsAPI" name="test_get_polls_returns_list" time="0.451" /><testcase classname="backend.tests.test_iteration46_polls_scheduled_posts.TestPollsAPI" name="test_create_poll_draft" time="0.119" /><testcase classname="backend.tests.test_iteration46_polls_scheduled_posts.TestPollsAPI" name="test_create_poll_validation_no_question" time="0.143" /><testcase classname="backend.tests.test_iteration46_polls_scheduled_posts.TestPollsAPI" name="test_create_poll_validation_few_options" time="0.152" /><testcase classname="backend.tests.test_iteration46_polls_scheduled_posts.TestPollsAPI" name="test_delete_poll" time="0.402" /><testcase classname="backend.tests.test_iteration46_polls_scheduled_posts.TestScheduledPostsAPI" name="test_get_scheduled_posts_returns_list" time="0.128" /><testcase classname="backend.tests.test_iteration46_polls_scheduled_posts.TestPaidPostsCreateAPI" name="test_paid_posts_create_endpoint_exists" time="0.106" /><testcase classname="backend.tests.test_iteration46_polls_scheduled_posts.TestPaidPostsCreateAPI" name="test_paid_posts_create_with_file" time="1.207" /><testcase classname="backend.tests.test_iteration46_polls_scheduled_posts.TestPaidPostsCreateAPI" name="test_preview_blur_endpoint_exists" time="0.103" /><testcase classname="backend.tests.test_iteration46_polls_scheduled_posts.TestPaidPostsCreateAPI" name="test_preview_blur_with_file" time="0.108" /><testcase classname="backend.tests.test_iteration46_polls_scheduled_posts.TestCleanup" name="test_cleanup_test_polls" time="0.203" /></testsuite></testsuites>