<?xml version="1.0" encoding="utf-8"?><testsuites name="pytest tests"><testsuite name="pytest" errors="0" failures="0" skipped="0" tests="20" time="4.716" timestamp="2026-03-31T12:54:54.614198+00:00" hostname="agent-env-0e2ad9b6-34fb-40d6-bcaa-881d9cdddc29"><testcase classname="backend.tests.test_miniapp_admin.TestAdminCheck" name="test_admin_check_returns_is_admin_true_for_admin" time="0.238" /><testcase classname="backend.tests.test_miniapp_admin.TestAdminCheck" name="test_admin_check_returns_is_admin_false_for_non_admin" time="0.175" /><testcase classname="backend.tests.test_miniapp_admin.TestAdminStats" name="test_admin_stats_returns_data_for_admin" time="0.150" /><testcase classname="backend.tests.test_miniapp_admin.TestAdminStats" name="test_admin_stats_returns_403_for_non_admin" time="0.133" /><testcase classname="backend.tests.test_miniapp_admin.TestAdminPendingPayments" name="test_pending_payments_returns_list_for_admin" time="0.111" /><testcase classname="backend.tests.test_miniapp_admin.TestAdminPendingPayments" name="test_pending_payments_returns_403_for_non_admin" time="0.111" /><testcase classname="backend.tests.test_miniapp_admin.TestAdminSubscribers" name="test_subscribers_returns_list_for_admin" time="0.121" /><testcase classname="backend.tests.test_miniapp_admin.TestAdminSubscribers" name="test_subscribers_returns_403_for_non_admin" time="0.107" /><testcase classname="backend.tests.test_miniapp_admin.TestAdminBroadcast" name="test_broadcast_sends_message_for_admin" time="0.138" /><testcase classname="backend.tests.test_miniapp_admin.TestAdminBroadcast" name="test_broadcast_returns_403_for_non_admin" time="0.110" /><testcase classname="backend.tests.test_miniapp_admin.TestAdminBroadcast" name="test_broadcast_returns_400_for_empty_message" time="0.101" /><testcase classname="backend.tests.test_miniapp_admin.TestAdminLiveSessions" name="test_live_sessions_returns_list_for_admin" time="0.107" /><testcase classname="backend.tests.test_miniapp_admin.TestAdminLiveSessions" name="test_create_live_session_for_admin" time="0.109" /><testcase classname="backend.tests.test_miniapp_admin.TestAdminLiveSessions" name="test_create_live_session_returns_403_for_non_admin" time="0.112" /><testcase classname="backend.tests.test_miniapp_admin.TestAdminAnnounceLive" name="test_announce_live_session" time="0.217" /><testcase classname="backend.tests.test_miniapp_admin.TestAdminAnnounceLive" name="test_announce_live_returns_404_for_invalid_session" time="0.131" /><testcase classname="backend.tests.test_miniapp_admin.TestAdminPaymentAction" name="test_payment_action_approve" time="1.454" /><testcase classname="backend.tests.test_miniapp_admin.TestAdminPaymentAction" name="test_payment_action_reject" time="0.787" /><testcase classname="backend.tests.test_miniapp_admin.TestAdminPaymentAction" name="test_payment_action_invalid_action" time="0.118" /><testcase classname="backend.tests.test_miniapp_admin.TestAdminPaymentAction" name="test_payment_action_returns_403_for_non_admin" time="0.103" /></testsuite></testsuites>