<?xml version="1.0" encoding="utf-8"?><testsuites name="pytest tests"><testsuite name="pytest" errors="0" failures="0" skipped="0" tests="19" time="6.862" timestamp="2026-03-31T09:32:45.748221+00:00" hostname="agent-env-0e2ad9b6-34fb-40d6-bcaa-881d9cdddc29"><testcase classname="backend.tests.test_miniapp.TestMiniAppPlans" name="test_get_plans_returns_list" time="0.191" /><testcase classname="backend.tests.test_miniapp.TestMiniAppStatus" name="test_get_status_no_subscription" time="0.105" /><testcase classname="backend.tests.test_miniapp.TestMiniAppStatus" name="test_get_status_valid_format" time="0.105" /><testcase classname="backend.tests.test_miniapp.TestMiniAppCoupon" name="test_apply_coupon_empty_code" time="0.103" /><testcase classname="backend.tests.test_miniapp.TestMiniAppCoupon" name="test_apply_coupon_invalid_code" time="0.103" /><testcase classname="backend.tests.test_miniapp.TestMiniAppCoupon" name="test_apply_coupon_structure" time="0.104" /><testcase classname="backend.tests.test_miniapp.TestMiniAppSupportChat" name="test_support_chat_empty_message" time="0.105" /><testcase classname="backend.tests.test_miniapp.TestMiniAppSupportChat" name="test_support_chat_valid_message" time="4.144" /><testcase classname="backend.tests.test_miniapp.TestMiniAppSupportChat" name="test_support_chat_history" time="0.105" /><testcase classname="backend.tests.test_miniapp.TestMiniAppReferral" name="test_get_referral_code" time="0.119" /><testcase classname="backend.tests.test_miniapp.TestMiniAppReferral" name="test_apply_referral_missing_data" time="0.103" /><testcase classname="backend.tests.test_miniapp.TestMiniAppReferral" name="test_apply_referral_invalid_code" time="0.107" /><testcase classname="backend.tests.test_miniapp.TestMiniAppReferral" name="test_apply_own_referral_code" time="0.215" /><testcase classname="backend.tests.test_miniapp.TestMiniAppPayments" name="test_get_payment_history_empty" time="0.102" /><testcase classname="backend.tests.test_miniapp.TestMiniAppPayments" name="test_get_payment_history_structure" time="0.100" /><testcase classname="backend.tests.test_miniapp.TestMiniAppNotifications" name="test_get_notifications" time="0.100" /><testcase classname="backend.tests.test_miniapp.TestMiniAppRazorpayOrder" name="test_create_order_missing_plan" time="0.101" /><testcase classname="backend.tests.test_miniapp.TestMiniAppMenuButton" name="test_get_menu_button_status" time="0.642" /><testcase classname="backend.tests.test_miniapp.TestMiniAppMenuButton" name="test_set_menu_button_missing_url" time="0.123" /></testsuite></testsuites>