<?xml version="1.0" encoding="utf-8"?><testsuites name="pytest tests"><testsuite name="pytest" errors="0" failures="0" skipped="0" tests="11" time="1.622" timestamp="2026-03-31T10:02:09.904458+00:00" hostname="agent-env-0e2ad9b6-34fb-40d6-bcaa-881d9cdddc29"><testcase classname="backend.tests.test_miniapp_new_features.TestPhoneLogin" name="test_phone_login_success" time="0.214" /><testcase classname="backend.tests.test_miniapp_new_features.TestPhoneLogin" name="test_phone_login_invalid_phone" time="0.118" /><testcase classname="backend.tests.test_miniapp_new_features.TestPhoneLogin" name="test_phone_login_empty_phone" time="0.105" /><testcase classname="backend.tests.test_miniapp_new_features.TestPhoneLogin" name="test_phone_login_already_registered" time="0.278" /><testcase classname="backend.tests.test_miniapp_new_features.TestUserDiscount" name="test_user_discount_exists" time="0.217" /><testcase classname="backend.tests.test_miniapp_new_features.TestUserDiscount" name="test_user_discount_not_exists" time="0.099" /><testcase classname="backend.tests.test_miniapp_new_features.TestUPIDetails" name="test_upi_details_returns_data" time="0.100" /><testcase classname="backend.tests.test_miniapp_new_features.TestPlansWithDiscount" name="test_plans_available" time="0.102" /><testcase classname="backend.tests.test_miniapp_new_features.TestExistingEndpoints" name="test_status_endpoint" time="0.103" /><testcase classname="backend.tests.test_miniapp_new_features.TestExistingEndpoints" name="test_notifications_endpoint" time="0.102" /><testcase classname="backend.tests.test_miniapp_new_features.TestExistingEndpoints" name="test_payments_endpoint" time="0.114" /></testsuite></testsuites>