<?xml version="1.0" encoding="utf-8"?><testsuites name="pytest tests"><testsuite name="pytest" errors="0" failures="0" skipped="0" tests="17" time="7.101" timestamp="2026-03-28T17:50:41.006575+00:00" hostname="agent-env-0e2ad9b6-34fb-40d6-bcaa-881d9cdddc29"><testcase classname="backend.tests.test_new_features.TestAuth" name="test_login_success" time="0.350" /><testcase classname="backend.tests.test_new_features.TestAuth" name="test_login_invalid_credentials" time="0.115" /><testcase classname="backend.tests.test_new_features.TestBranding" name="test_get_branding" time="0.490" /><testcase classname="backend.tests.test_new_features.TestBranding" name="test_update_branding" time="0.583" /><testcase classname="backend.tests.test_new_features.TestBranding" name="test_update_branding_partial" time="0.448" /><testcase classname="backend.tests.test_new_features.TestBranding" name="test_update_branding_invalid_fields" time="0.423" /><testcase classname="backend.tests.test_new_features.TestBotLanguage" name="test_get_bot_language" time="0.436" /><testcase classname="backend.tests.test_new_features.TestBotLanguage" name="test_update_bot_language_default" time="0.570" /><testcase classname="backend.tests.test_new_features.TestBotLanguage" name="test_update_bot_language_messages" time="0.445" /><testcase classname="backend.tests.test_new_features.TestBotLanguage" name="test_update_bot_language_invalid" time="0.436" /><testcase classname="backend.tests.test_new_features.TestPDFExport" name="test_export_pdf" time="0.527" /><testcase classname="backend.tests.test_new_features.TestPDFExport" name="test_export_pdf_unauthorized" time="0.451" /><testcase classname="backend.tests.test_new_features.TestForgotPassword" name="test_forgot_password_existing_email" time="0.119" /><testcase classname="backend.tests.test_new_features.TestForgotPassword" name="test_forgot_password_nonexistent_email" time="0.114" /><testcase classname="backend.tests.test_new_features.TestForgotPassword" name="test_forgot_password_missing_email" time="0.097" /><testcase classname="backend.tests.test_new_features.TestAnalyticsEndpoint" name="test_get_analytics" time="0.440" /><testcase classname="backend.tests.test_new_features.TestDashboardFlow" name="test_auth_me" time="0.978" /></testsuite></testsuites>