<?xml version="1.0" encoding="utf-8"?><testsuites name="pytest tests"><testsuite name="pytest" errors="0" failures="0" skipped="0" tests="15" time="53.131" timestamp="2026-03-28T09:10:06.108743+00:00" hostname="agent-env-5e096fc9-bcd0-4318-86e8-3cd3fa449f82"><testcase classname="backend.tests.test_new_features.TestAuth" name="test_admin_login_success" time="0.360" /><testcase classname="backend.tests.test_new_features.TestAuth" name="test_admin_login_wrong_password" time="0.317" /><testcase classname="backend.tests.test_new_features.TestSubscribers" name="test_get_subscribers_list" time="0.419" /><testcase classname="backend.tests.test_new_features.TestSubscribers" name="test_get_subscribers_with_filter" time="0.507" /><testcase classname="backend.tests.test_new_features.TestSubscribers" name="test_bulk_add_to_channel_endpoint" time="45.915" /><testcase classname="backend.tests.test_new_features.TestPlans" name="test_get_plans_list" time="0.455" /><testcase classname="backend.tests.test_new_features.TestPlans" name="test_get_chat_groups" time="0.415" /><testcase classname="backend.tests.test_new_features.TestPromotePlan" name="test_promote_plan_missing_params" time="0.423" /><testcase classname="backend.tests.test_new_features.TestPromotePlan" name="test_promote_plan_invalid_plan" time="0.444" /><testcase classname="backend.tests.test_new_features.TestPromotePlan" name="test_promote_plan_with_valid_plan" time="1.652" /><testcase classname="backend.tests.test_new_features.TestVideoCalls" name="test_get_video_calls" time="0.413" /><testcase classname="backend.tests.test_new_features.TestLiveStream" name="test_get_live_sessions" time="0.416" /><testcase classname="backend.tests.test_new_features.TestLiveStream" name="test_get_live_tickets" time="0.420" /><testcase classname="backend.tests.test_new_features.TestLiveStream" name="test_get_super_chats" time="0.474" /><testcase classname="backend.tests.test_new_features.TestNotifyAdmin" name="test_settings_endpoint" time="0.432" /></testsuite></testsuites>