<?xml version="1.0" encoding="utf-8"?><testsuites name="pytest tests"><testsuite name="pytest" errors="0" failures="0" skipped="0" tests="27" time="3.597" timestamp="2026-03-19T05:01:29.968183+00:00" hostname="agent-env-16236a65-28e2-4acb-a443-716870413d36"><testcase classname="tests.test_ocr_payment_detection.TestDetectPaymentScreenshotPositive" name="test_gpay_success_screenshot" time="0.123" /><testcase classname="tests.test_ocr_payment_detection.TestDetectPaymentScreenshotPositive" name="test_phonepe_success_screenshot" time="0.162" /><testcase classname="tests.test_ocr_payment_detection.TestDetectPaymentScreenshotPositive" name="test_paytm_success_screenshot" time="0.110" /><testcase classname="tests.test_ocr_payment_detection.TestDetectPaymentScreenshotPositive" name="test_upi_generic_screenshot" time="0.135" /><testcase classname="tests.test_ocr_payment_detection.TestDetectPaymentScreenshotPositive" name="test_bhim_success_screenshot" time="0.158" /><testcase classname="tests.test_ocr_payment_detection.TestDetectPaymentScreenshotPositive" name="test_minimal_valid_screenshot" time="0.102" /><testcase classname="tests.test_ocr_payment_detection.TestDetectPaymentScreenshotPositive" name="test_rupee_symbol_detection" time="0.109" /><testcase classname="tests.test_ocr_payment_detection.TestDetectPaymentScreenshotNegative" name="test_random_text_image" time="0.125" /><testcase classname="tests.test_ocr_payment_detection.TestDetectPaymentScreenshotNegative" name="test_blank_image" time="0.113" /><testcase classname="tests.test_ocr_payment_detection.TestDetectPaymentScreenshotNegative" name="test_chat_screenshot" time="0.122" /><testcase classname="tests.test_ocr_payment_detection.TestDetectPaymentScreenshotNegative" name="test_food_order_screenshot" time="0.126" /><testcase classname="tests.test_ocr_payment_detection.TestDetectPaymentScreenshotNegative" name="test_partial_payment_keywords" time="0.115" /><testcase classname="tests.test_ocr_payment_detection.TestDetectPaymentScreenshotEdgeCases" name="test_small_image" time="0.090" /><testcase classname="tests.test_ocr_payment_detection.TestDetectPaymentScreenshotEdgeCases" name="test_large_image" time="0.269" /><testcase classname="tests.test_ocr_payment_detection.TestDetectPaymentScreenshotEdgeCases" name="test_jpeg_format" time="0.098" /><testcase classname="tests.test_ocr_payment_detection.TestDetectPaymentScreenshotEdgeCases" name="test_png_with_transparency" time="0.105" /><testcase classname="tests.test_ocr_payment_detection.TestDetectPaymentScreenshotEdgeCases" name="test_invalid_image_bytes" time="0.039" /><testcase classname="tests.test_ocr_payment_detection.TestDetectPaymentScreenshotEdgeCases" name="test_empty_bytes" time="0.000" /><testcase classname="tests.test_ocr_payment_detection.TestUPIIDPatternDetection" name="test_okicici_upi_id" time="0.103" /><testcase classname="tests.test_ocr_payment_detection.TestUPIIDPatternDetection" name="test_paytm_upi_id" time="0.111" /><testcase classname="tests.test_ocr_payment_detection.TestUPIIDPatternDetection" name="test_ybl_upi_id" time="0.133" /><testcase classname="tests.test_ocr_payment_detection.TestAmountPatternDetection" name="test_rupee_symbol_amount" time="0.108" /><testcase classname="tests.test_ocr_payment_detection.TestAmountPatternDetection" name="test_comma_formatted_amount" time="0.123" /><testcase classname="tests.test_ocr_payment_detection.TestDownloadTelegramPhotoAPI" name="test_download_with_invalid_file_id" time="0.000" /><testcase classname="tests.test_ocr_payment_detection.TestDownloadTelegramPhotoAPI" name="test_api_health_check" time="0.142" /><testcase classname="tests.test_ocr_payment_detection.TestOCRIntegration" name="test_ocr_function_exists_and_callable" time="0.000" /><testcase classname="tests.test_ocr_payment_detection.TestOCRIntegration" name="test_ocr_returns_expected_structure" time="0.098" /></testsuite></testsuites>