<?xml version="1.0" encoding="utf-8"?><testsuites name="pytest tests"><testsuite name="pytest" errors="0" failures="0" skipped="0" tests="17" time="2.395" timestamp="2026-02-04T09:07:28.836327+00:00" hostname="agent-env-e7c327b9-c0b9-415b-83d1-b7e2d6ae75cc"><testcase classname="backend.tests.test_super_admin.TestSuperAdminSetup" name="test_super_admin_login" time="0.287" /><testcase classname="backend.tests.test_super_admin.TestSuperAdminSetup" name="test_regular_user_login" time="0.263" /><testcase classname="backend.tests.test_super_admin.TestSuperAdminAccessControl" name="test_regular_user_cannot_access_all_users" time="0.299" /><testcase classname="backend.tests.test_super_admin.TestSuperAdminAccessControl" name="test_regular_user_cannot_access_stats" time="0.034" /><testcase classname="backend.tests.test_super_admin.TestSuperAdminAccessControl" name="test_regular_user_cannot_access_subscription_requests" time="0.040" /><testcase classname="backend.tests.test_super_admin.TestSuperAdminAccessControl" name="test_regular_user_cannot_set_lifetime" time="0.039" /><testcase classname="backend.tests.test_super_admin.TestSuperAdminAccessControl" name="test_regular_user_cannot_revoke_access" time="0.036" /><testcase classname="backend.tests.test_super_admin.TestSuperAdminAPIs" name="test_get_all_users" time="0.299" /><testcase classname="backend.tests.test_super_admin.TestSuperAdminAPIs" name="test_get_stats" time="0.039" /><testcase classname="backend.tests.test_super_admin.TestSuperAdminAPIs" name="test_get_subscription_requests" time="0.033" /><testcase classname="backend.tests.test_super_admin.TestSuperAdminAPIs" name="test_set_lifetime_access" time="0.370" /><testcase classname="backend.tests.test_super_admin.TestSuperAdminAPIs" name="test_revoke_access" time="0.069" /><testcase classname="backend.tests.test_super_admin.TestSuperAdminAPIs" name="test_cannot_revoke_super_admin_access" time="0.108" /><testcase classname="backend.tests.test_super_admin.TestSuperAdminAPIs" name="test_set_lifetime_invalid_user" time="0.036" /><testcase classname="backend.tests.test_super_admin.TestSuperAdminAPIs" name="test_revoke_access_invalid_user" time="0.036" /><testcase classname="backend.tests.test_super_admin.TestSuperAdminDataIntegrity" name="test_users_list_contains_expected_fields" time="0.299" /><testcase classname="backend.tests.test_super_admin.TestSuperAdminDataIntegrity" name="test_stats_values_are_consistent" time="0.037" /></testsuite></testsuites>