<?xml version="1.0" encoding="utf-8"?><testsuites name="pytest tests"><testsuite name="pytest" errors="0" failures="0" skipped="0" tests="25" time="3.598" timestamp="2026-03-28T14:26:45.300898+00:00" hostname="agent-env-b0a1d762-fed6-4052-98ef-30227f89321f"><testcase classname="tests.test_refactored_backend.TestAuthEndpoints" name="test_login_success" time="0.465" /><testcase classname="tests.test_refactored_backend.TestAuthEndpoints" name="test_login_invalid_credentials" time="0.138" /><testcase classname="tests.test_refactored_backend.TestAuthEndpoints" name="test_get_current_user" time="0.475" /><testcase classname="tests.test_refactored_backend.TestPlansEndpoints" name="test_get_plans" time="0.128" /><testcase classname="tests.test_refactored_backend.TestSubscribersEndpoints" name="test_get_subscribers" time="0.107" /><testcase classname="tests.test_refactored_backend.TestPaymentsEndpoints" name="test_get_payments" time="0.116" /><testcase classname="tests.test_refactored_backend.TestSettingsEndpoints" name="test_get_settings" time="0.118" /><testcase classname="tests.test_refactored_backend.TestAnalyticsEndpoints" name="test_get_analytics" time="0.117" /><testcase classname="tests.test_refactored_backend.TestAnalyticsEndpoints" name="test_get_revenue_analytics" time="0.110" /><testcase classname="tests.test_refactored_backend.TestBotActivityEndpoints" name="test_get_bot_activity" time="0.106" /><testcase classname="tests.test_refactored_backend.TestTelegramAdminsEndpoints" name="test_get_telegram_admins" time="0.133" /><testcase classname="tests.test_refactored_backend.TestDashboardPlansEndpoints" name="test_get_dashboard_plans" time="0.101" /><testcase classname="tests.test_refactored_backend.TestTelegramWebhookEndpoints" name="test_webhook_empty_update" time="0.100" /><testcase classname="tests.test_refactored_backend.TestExportEndpoints" name="test_export_revenue_report" time="0.102" /><testcase classname="tests.test_refactored_backend.TestBroadcastsEndpoints" name="test_get_broadcasts" time="0.109" /><testcase classname="tests.test_refactored_backend.TestCouponsEndpoints" name="test_get_coupons" time="0.091" /><testcase classname="tests.test_refactored_backend.TestVideoCallsEndpoints" name="test_get_video_calls" time="0.113" /><testcase classname="tests.test_refactored_backend.TestLiveSessionsEndpoints" name="test_get_live_sessions" time="0.097" /><testcase classname="tests.test_refactored_backend.TestCreatorsEndpoints" name="test_get_creators" time="0.123" /><testcase classname="tests.test_refactored_backend.TestFAQsEndpoints" name="test_get_faqs" time="0.121" /><testcase classname="tests.test_refactored_backend.TestReferralsEndpoints" name="test_get_referrals" time="0.104" /><testcase classname="tests.test_refactored_backend.TestChatGroupsEndpoints" name="test_get_chat_groups" time="0.103" /><testcase classname="tests.test_refactored_backend.TestPaidPostsEndpoints" name="test_get_paid_posts" time="0.125" /><testcase classname="tests.test_refactored_backend.TestBlockedUsersEndpoints" name="test_get_blocked_users" time="0.103" /><testcase classname="tests.test_refactored_backend.TestTagsEndpoints" name="test_get_tags" time="0.104" /></testsuite></testsuites>