<?xml version="1.0" encoding="utf-8"?><testsuites name="pytest tests"><testsuite name="pytest" errors="0" failures="0" skipped="0" tests="9" time="12.593" timestamp="2026-03-31T13:22:53.937077+00:00" hostname="agent-env-0e2ad9b6-34fb-40d6-bcaa-881d9cdddc29"><testcase classname="tests.test_screenshot_upload.TestScreenshotUpload" name="test_upload_screenshot_endpoint_exists" time="3.607" /><testcase classname="tests.test_screenshot_upload.TestScreenshotUpload" name="test_upload_creates_payment_record" time="2.103" /><testcase classname="tests.test_screenshot_upload.TestScreenshotUpload" name="test_upload_rejects_non_payment_image" time="3.726" /><testcase classname="tests.test_screenshot_upload.TestScreenshotUpload" name="test_upload_file_size_limit" time="1.961" /><testcase classname="tests.test_screenshot_upload.TestScreenshotUpload" name="test_upload_without_file_returns_error" time="0.135" /><testcase classname="tests.test_screenshot_upload.TestUPIDetails" name="test_upi_details_endpoint" time="0.173" /><testcase classname="tests.test_screenshot_upload.TestMiniAppPlans" name="test_plans_endpoint" time="0.108" /><testcase classname="tests.test_screenshot_upload.TestPaymentHistory" name="test_payment_history_endpoint" time="0.156" /><testcase classname="tests.test_screenshot_upload.TestDashboardPaymentsAPI" name="test_payments_list_endpoint" time="0.553" /></testsuite></testsuites>